#
# There is insufficient memory for the Java Runtime Environment to continue.
# Native memory allocation (malloc) failed to allocate 262160 bytes for Chunk::new
# Possible reasons:
#   The system is out of physical RAM or swap space
#   In 32 bit mode, the process size limit was hit
# Possible solutions:
#   Reduce memory load on the system
#   Increase physical memory or swap space
#   Check if swap backing store is full
#   Use 64 bit Java on a 64 bit OS
#   Decrease Java heap size (-Xmx/-Xms)
#   Decrease number of Java threads
#   Decrease Java thread stack sizes (-Xss)
#   Set larger code cache with -XX:ReservedCodeCacheSize=
# This output file may be truncated or incomplete.
#
#  Out of Memory Error (allocation.cpp:323), pid=9324, tid=10388
#
# JRE version: Java(TM) SE Runtime Environment (7.0_79-b15) (build 1.7.0_79-b15)
# Java VM: Java HotSpot(TM) 64-Bit Server VM (24.79-b02 mixed mode windows-amd64 compressed oops)
# Failed to write core dump. Minidumps are not enabled by default on client versions of Windows
#

---------------  T H R E A D  ---------------

Current thread (0x000000000815d000):  JavaThread "C2 CompilerThread1" daemon [_thread_in_native, id=10388, stack(0x00000000097e0000,0x00000000098e0000)]

Stack: [0x00000000097e0000,0x00000000098e0000]
[error occurred during error reporting (printing stack bounds), id 0xc0000005]


[error occurred during error reporting (printing native stack), id 0xc0000005]


Current CompileTask:
C2:   3593  196             com.android.dx.ssa.SCCP::run (298 bytes)


---------------  P R O C E S S  ---------------

Java Threads: ( => current thread )
  0x000000000816e800 JavaThread "Service Thread" daemon [_thread_blocked, id=6828, stack(0x00000000098e0000,0x00000000099e0000)]
=>0x000000000815d000 JavaThread "C2 CompilerThread1" daemon [_thread_in_native, id=10388, stack(0x00000000097e0000,0x00000000098e0000)]
  0x000000000815b000 JavaThread "C2 CompilerThread0" daemon [_thread_blocked, id=9588, stack(0x00000000096e0000,0x00000000097e0000)]
  0x000000000815a000 JavaThread "Attach Listener" daemon [_thread_blocked, id=5600, stack(0x00000000095e0000,0x00000000096e0000)]
  0x0000000008157000 JavaThread "Signal Dispatcher" daemon [_thread_blocked, id=7056, stack(0x00000000094e0000,0x00000000095e0000)]
  0x000000000811f800 JavaThread "Finalizer" daemon [_thread_blocked, id=10564, stack(0x00000000093e0000,0x00000000094e0000)]
  0x0000000008116000 JavaThread "Reference Handler" daemon [_thread_blocked, id=7392, stack(0x00000000092e0000,0x00000000093e0000)]
  0x00000000021c0800 JavaThread "main" [_thread_in_Java, id=7136, stack(0x0000000002070000,0x0000000002170000)]

Other Threads:
  0x0000000008111800 VMThread [stack: 0x00000000091e0000,0x00000000092e0000] [id=8652]
  0x000000000817d000 WatcherThread [stack: 0x00000000099e0000,0x0000000009ae0000] [id=2568]

VM state:not at safepoint (normal execution)

VM Mutex/Monitor currently owned by a thread: None

Heap
 PSYoungGen      total 18944K, used 10816K [0x00000000eaa80000, 0x00000000ebf80000, 0x0000000100000000)
  eden space 16384K, 50% used [0x00000000eaa80000,0x00000000eb296558,0x00000000eba80000)
  from space 2560K, 99% used [0x00000000eba80000,0x00000000ebcf9c68,0x00000000ebd00000)
  to   space 2560K, 0% used [0x00000000ebd00000,0x00000000ebd00000,0x00000000ebf80000)
 ParOldGen       total 42496K, used 1519K [0x00000000c0000000, 0x00000000c2980000, 0x00000000eaa80000)
  object space 42496K, 3% used [0x00000000c0000000,0x00000000c017bde0,0x00000000c2980000)
 PSPermGen       total 21504K, used 5504K [0x00000000bae00000, 0x00000000bc300000, 0x00000000c0000000)
  object space 21504K, 25% used [0x00000000bae00000,0x00000000bb360238,0x00000000bc300000)

Card table byte_map: [0x0000000005380000,0x00000000055b0000] byte_map_base: 0x0000000004da9000

Polling page: 0x00000000004d0000

Code Cache  [0x00000000022c0000, 0x0000000002530000, 0x00000000052c0000)
 total_blobs=434 nmethods=200 adapters=186 free_code_cache=48339Kb largest_free_block=49468480

Compilation events (10 events):
Event: 3.540 Thread 0x000000000815b000  197             java.lang.Object::equals (11 bytes)
Event: 3.540 Thread 0x000000000815b000 nmethod 197 0x000000000236aed0 code [0x000000000236b000, 0x000000000236b058]
Event: 3.544 Thread 0x000000000815b000  198             com.android.dx.rop.code.RegisterSpecList::set (7 bytes)
Event: 3.546 Thread 0x000000000815b000 nmethod 198 0x000000000238bb10 code [0x000000000238bc60, 0x000000000238bd58]
Event: 3.547 Thread 0x000000000815b000  199             com.android.dx.util.Bits::makeBitSet (11 bytes)
Event: 3.548 Thread 0x000000000815b000 nmethod 199 0x00000000023871d0 code [0x0000000002387320, 0x00000000023873f8]
Event: 3.551 Thread 0x000000000815b000  200   !         com.android.dx.ssa.BasicRegisterMapper::map (44 bytes)
Event: 3.552 Thread 0x000000000815b000 nmethod 200 0x0000000002382b50 code [0x0000000002382ca0, 0x0000000002382da8]
Event: 3.555 Thread 0x000000000815b000  201             java.util.Arrays::hashCode (56 bytes)
Event: 3.557 Thread 0x000000000815b000 nmethod 201 0x0000000002386890 code [0x00000000023869e0, 0x0000000002386b38]

GC Heap History (2 events):
Event: 2.182 GC heap before
{Heap before GC invocations=1 (full 0):
 PSYoungGen      total 18944K, used 16384K [0x00000000eaa80000, 0x00000000ebf80000, 0x0000000100000000)
  eden space 16384K, 100% used [0x00000000eaa80000,0x00000000eba80000,0x00000000eba80000)
  from space 2560K, 0% used [0x00000000ebd00000,0x00000000ebd00000,0x00000000ebf80000)
  to   space 2560K, 0% used [0x00000000eba80000,0x00000000eba80000,0x00000000ebd00000)
 ParOldGen       total 42496K, used 0K [0x00000000c0000000, 0x00000000c2980000, 0x00000000eaa80000)
  object space 42496K, 0% used [0x00000000c0000000,0x00000000c0000000,0x00000000c2980000)
 PSPermGen       total 21504K, used 5417K [0x00000000bae00000, 0x00000000bc300000, 0x00000000c0000000)
  object space 21504K, 25% used [0x00000000bae00000,0x00000000bb34a690,0x00000000bc300000)
Event: 2.197 GC heap after
Heap after GC invocations=1 (full 0):
 PSYoungGen      total 18944K, used 2535K [0x00000000eaa80000, 0x00000000ebf80000, 0x0000000100000000)
  eden space 16384K, 0% used [0x00000000eaa80000,0x00000000eaa80000,0x00000000eba80000)
  from space 2560K, 99% used [0x00000000eba80000,0x00000000ebcf9c68,0x00000000ebd00000)
  to   space 2560K, 0% used [0x00000000ebd00000,0x00000000ebd00000,0x00000000ebf80000)
 ParOldGen       total 42496K, used 1519K [0x00000000c0000000, 0x00000000c2980000, 0x00000000eaa80000)
  object space 42496K, 3% used [0x00000000c0000000,0x00000000c017bde0,0x00000000c2980000)
 PSPermGen       total 21504K, used 5417K [0x00000000bae00000, 0x00000000bc300000, 0x00000000c0000000)
  object space 21504K, 25% used [0x00000000bae00000,0x00000000bb34a690,0x00000000bc300000)
}

Deoptimization events (4 events):
Event: 1.521 Thread 0x00000000021c0800 Uncommon trap: reason=null_check action=make_not_entrant pc=0x000000000233e734 method=com.android.dx.rop.code.LocalItem.equals(Ljava/lang/Object;)Z @ 1
Event: 2.465 Thread 0x00000000021c0800 Uncommon trap: reason=unreached action=reinterpret pc=0x00000000023668dc method=com.android.dx.ssa.SsaConverter.placePhiFunctions(Lcom/android/dx/ssa/SsaMethod;Lcom/android/dx/ssa/LocalVariableInfo;I)V @ 327
Event: 2.949 Thread 0x00000000021c0800 Uncommon trap: reason=null_check action=make_not_entrant pc=0x000000000237c7a8 method=com.android.dx.rop.code.RegisterSpec.equals(Ljava/lang/Object;)Z @ 1
Event: 3.265 Thread 0x00000000021c0800 Uncommon trap: reason=null_check action=make_not_entrant pc=0x00000000023776a0 method=com.android.dx.ssa.SsaRenamer.getLocalForNewReg(I)Lcom/android/dx/rop/code/LocalItem; @ 19

Internal exceptions (10 events):
Event: 0.870 Thread 0x00000000021c0800 Threw 0x00000000eb1e11a8 at C:\re\jdk7u79\2331\hotspot\src\share\vm\prims\jvm.cpp:1304
Event: 0.878 Thread 0x00000000021c0800 Threw 0x00000000eb1f3a88 at C:\re\jdk7u79\2331\hotspot\src\share\vm\prims\jvm.cpp:1304
Event: 0.882 Thread 0x00000000021c0800 Threw 0x00000000eb1fd6e0 at C:\re\jdk7u79\2331\hotspot\src\share\vm\prims\jvm.cpp:1304
Event: 1.058 Thread 0x00000000021c0800 Threw 0x00000000eb307200 at C:\re\jdk7u79\2331\hotspot\src\share\vm\prims\jvm.cpp:1304
Event: 1.059 Thread 0x00000000021c0800 Threw 0x00000000eb311070 at C:\re\jdk7u79\2331\hotspot\src\share\vm\prims\jvm.cpp:1304
Event: 1.060 Thread 0x00000000021c0800 Threw 0x00000000eb3133c8 at C:\re\jdk7u79\2331\hotspot\src\share\vm\prims\jvm.cpp:1304
Event: 1.213 Thread 0x00000000021c0800 Threw 0x00000000eb3d9558 at C:\re\jdk7u79\2331\hotspot\src\share\vm\prims\jvm.cpp:1304
Event: 1.521 Thread 0x00000000021c0800 Implicit null exception at 0x000000000233e3c3 to 0x000000000233e719
Event: 2.949 Thread 0x00000000021c0800 Implicit null exception at 0x000000000237b9ad to 0x000000000237c77d
Event: 3.265 Thread 0x00000000021c0800 Implicit null exception at 0x00000000023762fe to 0x0000000002377675

Events (10 events):
Event: 2.197 Executing VM operation: ParallelGCFailedAllocation done
Event: 2.465 Thread 0x00000000021c0800 Uncommon trap: trap_request=0xffffffad fr.pc=0x00000000023668dc
Event: 2.465 Thread 0x00000000021c0800 DEOPT PACKING pc=0x00000000023668dc sp=0x000000000216ec00
Event: 2.465 Thread 0x00000000021c0800 DEOPT UNPACKING pc=0x00000000022f75a4 sp=0x000000000216ebc0 mode 2
Event: 2.949 Thread 0x00000000021c0800 Uncommon trap: trap_request=0xfffffff4 fr.pc=0x000000000237c7a8
Event: 2.949 Thread 0x00000000021c0800 DEOPT PACKING pc=0x000000000237c7a8 sp=0x000000000216eb90
Event: 2.949 Thread 0x00000000021c0800 DEOPT UNPACKING pc=0x00000000022f75a4 sp=0x000000000216ea98 mode 2
Event: 3.265 Thread 0x00000000021c0800 Uncommon trap: trap_request=0xfffffff4 fr.pc=0x00000000023776a0
Event: 3.265 Thread 0x00000000021c0800 DEOPT PACKING pc=0x00000000023776a0 sp=0x000000000216eae0
Event: 3.265 Thread 0x00000000021c0800 DEOPT UNPACKING pc=0x00000000022f75a4 sp=0x000000000216e878 mode 2


Dynamic libraries:
0x00007ff650ad0000 - 0x00007ff650b03000 	C:\Program Files\Java\jdk1.7.0_79\bin\java.exe
0x00007ff935ab0000 - 0x00007ff935c5c000 	C:\Windows\SYSTEM32\ntdll.dll
0x00007ff935530000 - 0x00007ff93566e000 	C:\Windows\system32\KERNEL32.DLL
0x00007ff932eb0000 - 0x00007ff932fc5000 	C:\Windows\system32\KERNELBASE.dll
0x00007ff930ca0000 - 0x00007ff930d2e000 	C:\Windows\system32\apphelp.dll
0x00007ff921640000 - 0x00007ff921693000 	C:\Windows\AppPatch\AppPatch64\AcGenral.DLL
0x00007ff9331e0000 - 0x00007ff93328a000 	C:\Windows\system32\msvcrt.dll
0x00007ff932980000 - 0x00007ff9329ae000 	C:\Windows\SYSTEM32\SspiCli.dll
0x00007ff935060000 - 0x00007ff9350b4000 	C:\Windows\system32\SHLWAPI.dll
0x00007ff9334d0000 - 0x00007ff933647000 	C:\Windows\system32\USER32.dll
0x00007ff9356f0000 - 0x00007ff935884000 	C:\Windows\system32\ole32.dll
0x00007ff9338a0000 - 0x00007ff934dcb000 	C:\Windows\system32\SHELL32.dll
0x00007ff931cf0000 - 0x00007ff931d11000 	C:\Windows\SYSTEM32\USERENV.dll
0x00007ff934e00000 - 0x00007ff934eaa000 	C:\Windows\system32\ADVAPI32.dll
0x00007ff92d0b0000 - 0x00007ff92d0ce000 	C:\Windows\SYSTEM32\MPR.dll
0x00007ff9350c0000 - 0x00007ff935201000 	C:\Windows\system32\RPCRT4.dll
0x00007ff933140000 - 0x00007ff933199000 	C:\Windows\SYSTEM32\sechost.dll
0x00007ff935890000 - 0x00007ff935aa1000 	C:\Windows\SYSTEM32\combase.dll
0x00007ff934eb0000 - 0x00007ff934fff000 	C:\Windows\system32\GDI32.dll
0x00007ff932c00000 - 0x00007ff932c15000 	C:\Windows\SYSTEM32\profapi.dll
0x00007ff9321c0000 - 0x00007ff932272000 	C:\Windows\SYSTEM32\SHCORE.dll
0x00007ff9331a0000 - 0x00007ff9331d6000 	C:\Windows\system32\IMM32.DLL
0x00007ff9353d0000 - 0x00007ff935522000 	C:\Windows\system32\MSCTF.dll
0x00007ff932bb0000 - 0x00007ff932be1000 	C:\Windows\system32\nvinitx.dll
0x00007ff932ba0000 - 0x00007ff932baa000 	C:\Windows\SYSTEM32\VERSION.dll
0x000000000f000000 - 0x000000000f006000 	C:\Program Files\NVIDIA Corporation\CoProcManager\_etoured.dll
0x00007ff930310000 - 0x00007ff930341000 	C:\Program Files\NVIDIA Corporation\CoProcManager\nvd3d9wrapx.dll
0x00007ff9332f0000 - 0x00007ff9334ca000 	C:\Windows\system32\SETUPAPI.dll
0x00007ff933080000 - 0x00007ff9330cf000 	C:\Windows\system32\CFGMGR32.dll
0x00007ff92ff80000 - 0x00007ff92ffa2000 	C:\Program Files\NVIDIA Corporation\CoProcManager\nvdxgiwrapx.dll
0x00007ff9325f0000 - 0x00007ff93286b000 	C:\Windows\WinSxS\amd64_microsoft.windows.common-controls_6595b64144ccf1df_6.0.9600.18006_none_623f33d3ecbe86e8\COMCTL32.dll
0x00000000623b0000 - 0x0000000062482000 	C:\Program Files\Java\jdk1.7.0_79\jre\bin\msvcr100.dll
0x00000000617d0000 - 0x0000000061fa5000 	C:\Program Files\Java\jdk1.7.0_79\jre\bin\server\jvm.dll
0x00007ff930300000 - 0x00007ff930309000 	C:\Windows\SYSTEM32\WSOCK32.dll
0x00007ff92fe40000 - 0x00007ff92fe62000 	C:\Windows\SYSTEM32\WINMM.dll
0x00007ff935670000 - 0x00007ff935677000 	C:\Windows\system32\PSAPI.DLL
0x00007ff933290000 - 0x00007ff9332ea000 	C:\Windows\system32\WS2_32.dll
0x00007ff92fca0000 - 0x00007ff92fcca000 	C:\Windows\SYSTEM32\WINMMBASE.dll
0x00007ff933130000 - 0x00007ff933139000 	C:\Windows\system32\NSI.dll
0x00007ff930f00000 - 0x00007ff930f28000 	C:\Windows\SYSTEM32\DEVOBJ.dll
0x0000000062eb0000 - 0x0000000062ebf000 	C:\Program Files\Java\jdk1.7.0_79\jre\bin\verify.dll
0x0000000062590000 - 0x00000000625b8000 	C:\Program Files\Java\jdk1.7.0_79\jre\bin\java.dll
0x0000000062390000 - 0x00000000623a5000 	C:\Program Files\Java\jdk1.7.0_79\jre\bin\zip.dll
0x0000000062370000 - 0x000000006238a000 	C:\Program Files\Java\jdk1.7.0_79\jre\bin\net.dll
0x00007ff931f60000 - 0x00007ff931fb9000 	C:\Windows\system32\mswsock.dll
0x0000000062350000 - 0x0000000062361000 	C:\Program Files\Java\jdk1.7.0_79\jre\bin\nio.dll

VM Arguments:
jvm_args: -Xmx1024M -Dfile.encoding=x-windows-874 -Duser.country=US -Duser.language=en -Duser.variant 
java_command: com.android.dx.command.Main --dex --output C:\Users\supitsara\AndroidStudioProjects\MaterialNavigationTest\app\build\intermediates\pre-dexed\debug\classes-771ccea7dd4d8b1fdfdef86661176cc231b91564.jar C:\Users\supitsara\AndroidStudioProjects\MaterialNavigationTest\app\build\intermediates\exploded-aar\com.google.android.gms\play-services-maps\8.1.0\jars\classes.jar
Launcher Type: SUN_STANDARD

Environment Variables:
PATH=C:\ProgramData\Oracle\Java\javapath;C:\Windows\system32;C:\Windows;C:\Windows\System32\Wbem;C:\Windows\System32\WindowsPowerShell\v1.0\;C:\Program Files (x86)\Intel\OpenCL SDK\2.0\bin\x86;C:\Program Files (x86)\Intel\OpenCL SDK\2.0\bin\x64;C:\Program Files (x86)\NVIDIA Corporation\PhysX\Common;C:\Program Files (x86)\Windows Kits\8.1\Windows Performance Toolkit\;C:\Program Files\Microsoft SQL Server\110\Tools\Binn\;C:\Program Files\nodejs\;C:\Users\supitsara\AppData\Roaming\npm
USERNAME=supitsara
OS=Windows_NT
PROCESSOR_IDENTIFIER=Intel64 Family 6 Model 42 Stepping 7, GenuineIntel



---------------  S Y S T E M  ---------------

OS: Windows 8.1 , 64 bit Build 9600 

CPU:total 4 (2 cores per cpu, 2 threads per core) family 6 model 42 stepping 7, cmov, cx8, fxsr, mmx, sse, sse2, sse3, ssse3, sse4.1, sse4.2, popcnt, avx, aes, ht, tsc, tscinvbit

Memory: 4k page, physical 4101820k(341124k free), swap 9531268k(5292k free)

vm_info: Java HotSpot(TM) 64-Bit Server VM (24.79-b02) for windows-amd64 JRE (1.7.0_79-b15), built on Apr 10 2015 12:36:16 by "java_re" with unknown MS VC++:1600

time: Sat Nov 07 23:26:40 2015
elapsed time: 3 seconds

