#
# There is insufficient memory for the Java Runtime Environment to continue.
# Native memory allocation (malloc) failed to allocate 367696 bytes for Chunk::new
# Possible reasons:
#   The system is out of physical RAM or swap space
#   In 32 bit mode, the process size limit was hit
# Possible solutions:
#   Reduce memory load on the system
#   Increase physical memory or swap space
#   Check if swap backing store is full
#   Use 64 bit Java on a 64 bit OS
#   Decrease Java heap size (-Xmx/-Xms)
#   Decrease number of Java threads
#   Decrease Java thread stack sizes (-Xss)
#   Set larger code cache with -XX:ReservedCodeCacheSize=
# This output file may be truncated or incomplete.
#
#  Out of Memory Error (allocation.cpp:323), pid=5164, tid=3844
#
# JRE version: Java(TM) SE Runtime Environment (7.0_79-b15) (build 1.7.0_79-b15)
# Java VM: Java HotSpot(TM) 64-Bit Server VM (24.79-b02 mixed mode windows-amd64 compressed oops)
# Failed to write core dump. Minidumps are not enabled by default on client versions of Windows
#

---------------  T H R E A D  ---------------

Current thread (0x0000000008e53800):  JavaThread "C2 CompilerThread0" daemon [_thread_in_native, id=3844, stack(0x000000000a3e0000,0x000000000a4e0000)]

Stack: [0x000000000a3e0000,0x000000000a4e0000]
[error occurred during error reporting (printing stack bounds), id 0xc0000005]


[error occurred during error reporting (printing native stack), id 0xc0000005]


Current CompileTask:
C2:   3145  157             com.android.dx.ssa.SsaMethod::forEachBlockDepthFirst (194 bytes)


---------------  P R O C E S S  ---------------

Java Threads: ( => current thread )
  0x0000000008e64000 JavaThread "Service Thread" daemon [_thread_blocked, id=1556, stack(0x000000000a5e0000,0x000000000a6e0000)]
  0x0000000008e55000 JavaThread "C2 CompilerThread1" daemon [_thread_in_native, id=10968, stack(0x000000000a4e0000,0x000000000a5e0000)]
=>0x0000000008e53800 JavaThread "C2 CompilerThread0" daemon [_thread_in_native, id=3844, stack(0x000000000a3e0000,0x000000000a4e0000)]
  0x0000000008e52800 JavaThread "Attach Listener" daemon [_thread_blocked, id=7328, stack(0x000000000a2e0000,0x000000000a3e0000)]
  0x0000000008e3e000 JavaThread "Signal Dispatcher" daemon [_thread_blocked, id=4920, stack(0x000000000a1e0000,0x000000000a2e0000)]
  0x0000000008e09800 JavaThread "Finalizer" daemon [_thread_blocked, id=7252, stack(0x000000000a0e0000,0x000000000a1e0000)]
  0x0000000008e06000 JavaThread "Reference Handler" daemon [_thread_blocked, id=6644, stack(0x0000000009fe0000,0x000000000a0e0000)]
  0x0000000002eb0800 JavaThread "main" [_thread_in_Java, id=8976, stack(0x0000000002db0000,0x0000000002eb0000)]

Other Threads:
  0x0000000008e01800 VMThread [stack: 0x0000000009ee0000,0x0000000009fe0000] [id=5248]
  0x0000000008e6e800 WatcherThread [stack: 0x000000000a6e0000,0x000000000a7e0000] [id=11420]

VM state:not at safepoint (normal execution)

VM Mutex/Monitor currently owned by a thread: None

Heap
 PSYoungGen      total 18944K, used 6448K [0x00000000eaa80000, 0x00000000ebf80000, 0x0000000100000000)
  eden space 16384K, 23% used [0x00000000eaa80000,0x00000000eae4e438,0x00000000eba80000)
  from space 2560K, 99% used [0x00000000eba80000,0x00000000ebcfdc78,0x00000000ebd00000)
  to   space 2560K, 0% used [0x00000000ebd00000,0x00000000ebd00000,0x00000000ebf80000)
 ParOldGen       total 42496K, used 1647K [0x00000000c0000000, 0x00000000c2980000, 0x00000000eaa80000)
  object space 42496K, 3% used [0x00000000c0000000,0x00000000c019be98,0x00000000c2980000)
 PSPermGen       total 21504K, used 5492K [0x00000000bae00000, 0x00000000bc300000, 0x00000000c0000000)
  object space 21504K, 25% used [0x00000000bae00000,0x00000000bb35d248,0x00000000bc300000)

Card table byte_map: [0x0000000006070000,0x00000000062a0000] byte_map_base: 0x0000000005a99000

Polling page: 0x0000000002d00000

Code Cache  [0x0000000002fb0000, 0x0000000003220000, 0x0000000005fb0000)
 total_blobs=389 nmethods=155 adapters=186 free_code_cache=48519Kb largest_free_block=49666560

Compilation events (10 events):
Event: 3.096 Thread 0x0000000008e53800 nmethod 152 0x000000000304c390 code [0x000000000304c4c0, 0x000000000304c558]
Event: 3.097 Thread 0x0000000008e53800  153             com.android.dx.rop.code.RegisterSpecList::<init> (6 bytes)
Event: 3.099 Thread 0x0000000008e53800 nmethod 153 0x000000000304c010 code [0x000000000304c160, 0x000000000304c298]
Event: 3.108 Thread 0x0000000008e53800  154             com.android.dx.ssa.NormalSsaInsn::mapSourceRegisters (48 bytes)
Event: 3.114 Thread 0x0000000008e53800 nmethod 154 0x0000000003051310 code [0x00000000030514a0, 0x0000000003051828]
Event: 3.115 Thread 0x0000000008e53800  155             com.android.dx.ssa.DeadCodeRemover$NoSideEffectVisitor::visitNonMoveInsn (28 bytes)
Event: 3.122 Thread 0x0000000008e53800 nmethod 155 0x0000000003050950 code [0x0000000003050ac0, 0x0000000003050da8]
Event: 3.122 Thread 0x0000000008e53800  156             com.android.dx.rop.code.BasicBlockList$RegCountVisitor::visit (52 bytes)
Event: 3.128 Thread 0x0000000008e53800 nmethod 156 0x0000000003051d90 code [0x0000000003051f00, 0x0000000003052198]
Event: 3.128 Thread 0x0000000008e53800  157             com.android.dx.ssa.SsaMethod::forEachBlockDepthFirst (194 bytes)

GC Heap History (2 events):
Event: 2.894 GC heap before
{Heap before GC invocations=1 (full 0):
 PSYoungGen      total 18944K, used 16384K [0x00000000eaa80000, 0x00000000ebf80000, 0x0000000100000000)
  eden space 16384K, 100% used [0x00000000eaa80000,0x00000000eba80000,0x00000000eba80000)
  from space 2560K, 0% used [0x00000000ebd00000,0x00000000ebd00000,0x00000000ebf80000)
  to   space 2560K, 0% used [0x00000000eba80000,0x00000000eba80000,0x00000000ebd00000)
 ParOldGen       total 42496K, used 0K [0x00000000c0000000, 0x00000000c2980000, 0x00000000eaa80000)
  object space 42496K, 0% used [0x00000000c0000000,0x00000000c0000000,0x00000000c2980000)
 PSPermGen       total 21504K, used 5449K [0x00000000bae00000, 0x00000000bc300000, 0x00000000c0000000)
  object space 21504K, 25% used [0x00000000bae00000,0x00000000bb352450,0x00000000bc300000)
Event: 2.902 GC heap after
Heap after GC invocations=1 (full 0):
 PSYoungGen      total 18944K, used 2551K [0x00000000eaa80000, 0x00000000ebf80000, 0x0000000100000000)
  eden space 16384K, 0% used [0x00000000eaa80000,0x00000000eaa80000,0x00000000eba80000)
  from space 2560K, 99% used [0x00000000eba80000,0x00000000ebcfdc78,0x00000000ebd00000)
  to   space 2560K, 0% used [0x00000000ebd00000,0x00000000ebd00000,0x00000000ebf80000)
 ParOldGen       total 42496K, used 1647K [0x00000000c0000000, 0x00000000c2980000, 0x00000000eaa80000)
  object space 42496K, 3% used [0x00000000c0000000,0x00000000c019be98,0x00000000c2980000)
 PSPermGen       total 21504K, used 5449K [0x00000000bae00000, 0x00000000bc300000, 0x00000000c0000000)
  object space 21504K, 25% used [0x00000000bae00000,0x00000000bb352450,0x00000000bc300000)
}

Deoptimization events (9 events):
Event: 2.451 Thread 0x0000000002eb0800 Uncommon trap: reason=class_check action=maybe_recompile pc=0x0000000003022bf4 method=com.android.dx.ssa.NormalSsaInsn.accept(Lcom/android/dx/ssa/SsaInsn$Visitor;)V @ 9
Event: 2.451 Thread 0x0000000002eb0800 Uncommon trap: reason=class_check action=maybe_recompile pc=0x0000000003022bf4 method=com.android.dx.ssa.NormalSsaInsn.accept(Lcom/android/dx/ssa/SsaInsn$Visitor;)V @ 9
Event: 2.451 Thread 0x0000000002eb0800 Uncommon trap: reason=class_check action=maybe_recompile pc=0x0000000003022bf4 method=com.android.dx.ssa.NormalSsaInsn.accept(Lcom/android/dx/ssa/SsaInsn$Visitor;)V @ 9
Event: 2.451 Thread 0x0000000002eb0800 Uncommon trap: reason=class_check action=maybe_recompile pc=0x0000000003022bf4 method=com.android.dx.ssa.NormalSsaInsn.accept(Lcom/android/dx/ssa/SsaInsn$Visitor;)V @ 9
Event: 2.612 Thread 0x0000000002eb0800 Uncommon trap: reason=null_check action=make_not_entrant pc=0x0000000003031cf8 method=com.android.dx.rop.code.LocalItem.equals(Ljava/lang/Object;)Z @ 1
Event: 2.848 Thread 0x0000000002eb0800 Uncommon trap: reason=class_check action=maybe_recompile pc=0x000000000303d9e8 method=com.android.dx.rop.type.Type.equals(Ljava/lang/Object;)Z @ 8
Event: 2.848 Thread 0x0000000002eb0800 Uncommon trap: reason=class_check action=maybe_recompile pc=0x000000000303d9e8 method=com.android.dx.rop.type.Type.equals(Ljava/lang/Object;)Z @ 8
Event: 2.848 Thread 0x0000000002eb0800 Uncommon trap: reason=class_check action=maybe_recompile pc=0x000000000303d9e8 method=com.android.dx.rop.type.Type.equals(Ljava/lang/Object;)Z @ 8
Event: 2.848 Thread 0x0000000002eb0800 Uncommon trap: reason=class_check action=maybe_recompile pc=0x000000000303d9e8 method=com.android.dx.rop.type.Type.equals(Ljava/lang/Object;)Z @ 8

Internal exceptions (10 events):
Event: 2.349 Thread 0x0000000002eb0800 Threw 0x00000000eb476690 at C:\re\jdk7u79\2331\hotspot\src\share\vm\prims\jvm.cpp:1304
Event: 2.349 Thread 0x0000000002eb0800 Threw 0x00000000eb478a30 at C:\re\jdk7u79\2331\hotspot\src\share\vm\prims\jvm.cpp:1304
Event: 2.350 Thread 0x0000000002eb0800 Threw 0x00000000eb47c9d8 at C:\re\jdk7u79\2331\hotspot\src\share\vm\prims\jvm.cpp:1304
Event: 2.351 Thread 0x0000000002eb0800 Threw 0x00000000eb482298 at C:\re\jdk7u79\2331\hotspot\src\share\vm\prims\jvm.cpp:1304
Event: 2.351 Thread 0x0000000002eb0800 Threw 0x00000000eb4878d0 at C:\re\jdk7u79\2331\hotspot\src\share\vm\prims\jvm.cpp:1304
Event: 2.353 Thread 0x0000000002eb0800 Threw 0x00000000eb48c6e8 at C:\re\jdk7u79\2331\hotspot\src\share\vm\prims\jvm.cpp:1304
Event: 2.390 Thread 0x0000000002eb0800 Threw 0x00000000eb4d3968 at C:\re\jdk7u79\2331\hotspot\src\share\vm\prims\jvm.cpp:1304
Event: 2.612 Thread 0x0000000002eb0800 Implicit null exception at 0x000000000303199f to 0x0000000003031ce5
Event: 2.907 Thread 0x0000000002eb0800 Threw 0x00000000eaa97db8 at C:\re\jdk7u79\2331\hotspot\src\share\vm\prims\jvm.cpp:1304
Event: 3.142 Thread 0x0000000002eb0800 Threw 0x00000000eae076e0 at C:\re\jdk7u79\2331\hotspot\src\share\vm\prims\jvm.cpp:1304

Events (10 events):
Event: 2.848 Thread 0x0000000002eb0800 DEOPT UNPACKING pc=0x0000000002fe75a4 sp=0x0000000002eae9c8 mode 2
Event: 2.848 Thread 0x0000000002eb0800 Uncommon trap: trap_request=0xffffffde fr.pc=0x000000000303d9e8
Event: 2.848 Thread 0x0000000002eb0800 DEOPT PACKING pc=0x000000000303d9e8 sp=0x0000000002eaea70
Event: 2.848 Thread 0x0000000002eb0800 DEOPT UNPACKING pc=0x0000000002fe75a4 sp=0x0000000002eae9c8 mode 2
Event: 2.894 Executing VM operation: ParallelGCFailedAllocation
Event: 2.902 Executing VM operation: ParallelGCFailedAllocation done
Event: 2.907 loading class 0x000000000a9ab6f0
Event: 2.907 loading class 0x000000000a9ab6f0 done
Event: 3.142 loading class 0x000000000a860bd0
Event: 3.142 loading class 0x000000000a860bd0 done


Dynamic libraries:
0x00007ff650ad0000 - 0x00007ff650b03000 	C:\Program Files\Java\jdk1.7.0_79\bin\java.exe
0x00007ff935ab0000 - 0x00007ff935c5c000 	C:\Windows\SYSTEM32\ntdll.dll
0x00007ff935530000 - 0x00007ff93566e000 	C:\Windows\system32\KERNEL32.DLL
0x00007ff932eb0000 - 0x00007ff932fc5000 	C:\Windows\system32\KERNELBASE.dll
0x00007ff930ca0000 - 0x00007ff930d2e000 	C:\Windows\system32\apphelp.dll
0x00007ff921640000 - 0x00007ff921693000 	C:\Windows\AppPatch\AppPatch64\AcGenral.DLL
0x00007ff9331e0000 - 0x00007ff93328a000 	C:\Windows\system32\msvcrt.dll
0x00007ff932980000 - 0x00007ff9329ae000 	C:\Windows\SYSTEM32\SspiCli.dll
0x00007ff935060000 - 0x00007ff9350b4000 	C:\Windows\system32\SHLWAPI.dll
0x00007ff9334d0000 - 0x00007ff933647000 	C:\Windows\system32\USER32.dll
0x00007ff9356f0000 - 0x00007ff935884000 	C:\Windows\system32\ole32.dll
0x00007ff9338a0000 - 0x00007ff934dcb000 	C:\Windows\system32\SHELL32.dll
0x00007ff931cf0000 - 0x00007ff931d11000 	C:\Windows\SYSTEM32\USERENV.dll
0x00007ff934e00000 - 0x00007ff934eaa000 	C:\Windows\system32\ADVAPI32.dll
0x00007ff92d0b0000 - 0x00007ff92d0ce000 	C:\Windows\SYSTEM32\MPR.dll
0x00007ff9350c0000 - 0x00007ff935201000 	C:\Windows\system32\RPCRT4.dll
0x00007ff933140000 - 0x00007ff933199000 	C:\Windows\SYSTEM32\sechost.dll
0x00007ff935890000 - 0x00007ff935aa1000 	C:\Windows\SYSTEM32\combase.dll
0x00007ff934eb0000 - 0x00007ff934fff000 	C:\Windows\system32\GDI32.dll
0x00007ff932c00000 - 0x00007ff932c15000 	C:\Windows\SYSTEM32\profapi.dll
0x00007ff9321c0000 - 0x00007ff932272000 	C:\Windows\SYSTEM32\SHCORE.dll
0x00007ff9331a0000 - 0x00007ff9331d6000 	C:\Windows\system32\IMM32.DLL
0x00007ff9353d0000 - 0x00007ff935522000 	C:\Windows\system32\MSCTF.dll
0x00007ff932bb0000 - 0x00007ff932be1000 	C:\Windows\system32\nvinitx.dll
0x00007ff932ba0000 - 0x00007ff932baa000 	C:\Windows\SYSTEM32\VERSION.dll
0x000000000f000000 - 0x000000000f006000 	C:\Program Files\NVIDIA Corporation\CoProcManager\_etoured.dll
0x00007ff930310000 - 0x00007ff930341000 	C:\Program Files\NVIDIA Corporation\CoProcManager\nvd3d9wrapx.dll
0x00007ff9332f0000 - 0x00007ff9334ca000 	C:\Windows\system32\SETUPAPI.dll
0x00007ff933080000 - 0x00007ff9330cf000 	C:\Windows\system32\CFGMGR32.dll
0x00007ff92ff80000 - 0x00007ff92ffa2000 	C:\Program Files\NVIDIA Corporation\CoProcManager\nvdxgiwrapx.dll
0x00007ff9325f0000 - 0x00007ff93286b000 	C:\Windows\WinSxS\amd64_microsoft.windows.common-controls_6595b64144ccf1df_6.0.9600.18006_none_623f33d3ecbe86e8\COMCTL32.dll
0x00000000623b0000 - 0x0000000062482000 	C:\Program Files\Java\jdk1.7.0_79\jre\bin\msvcr100.dll
0x00000000617d0000 - 0x0000000061fa5000 	C:\Program Files\Java\jdk1.7.0_79\jre\bin\server\jvm.dll
0x00007ff930300000 - 0x00007ff930309000 	C:\Windows\SYSTEM32\WSOCK32.dll
0x00007ff92fe40000 - 0x00007ff92fe62000 	C:\Windows\SYSTEM32\WINMM.dll
0x00007ff935670000 - 0x00007ff935677000 	C:\Windows\system32\PSAPI.DLL
0x00007ff933290000 - 0x00007ff9332ea000 	C:\Windows\system32\WS2_32.dll
0x00007ff92fca0000 - 0x00007ff92fcca000 	C:\Windows\SYSTEM32\WINMMBASE.dll
0x00007ff933130000 - 0x00007ff933139000 	C:\Windows\system32\NSI.dll
0x00007ff930f00000 - 0x00007ff930f28000 	C:\Windows\SYSTEM32\DEVOBJ.dll
0x0000000062eb0000 - 0x0000000062ebf000 	C:\Program Files\Java\jdk1.7.0_79\jre\bin\verify.dll
0x0000000062590000 - 0x00000000625b8000 	C:\Program Files\Java\jdk1.7.0_79\jre\bin\java.dll
0x0000000062390000 - 0x00000000623a5000 	C:\Program Files\Java\jdk1.7.0_79\jre\bin\zip.dll
0x0000000062370000 - 0x000000006238a000 	C:\Program Files\Java\jdk1.7.0_79\jre\bin\net.dll
0x00007ff931f60000 - 0x00007ff931fb9000 	C:\Windows\system32\mswsock.dll
0x0000000062350000 - 0x0000000062361000 	C:\Program Files\Java\jdk1.7.0_79\jre\bin\nio.dll

VM Arguments:
jvm_args: -Xmx1024M -Dfile.encoding=x-windows-874 -Duser.country=US -Duser.language=en -Duser.variant 
java_command: com.android.dx.command.Main --dex --output C:\Users\supitsara\AndroidStudioProjects\MaterialNavigationTest\app\build\intermediates\pre-dexed\debug\internal_impl-22.2.1-9c5aecfd26dd7b6c84292ed4cf6aa4fc0d1b1a48.jar C:\Users\supitsara\AndroidStudioProjects\MaterialNavigationTest\app\build\intermediates\exploded-aar\com.android.support\support-v4\22.2.1\jars\libs\internal_impl-22.2.1.jar
Launcher Type: SUN_STANDARD

Environment Variables:
PATH=C:\ProgramData\Oracle\Java\javapath;C:\Windows\system32;C:\Windows;C:\Windows\System32\Wbem;C:\Windows\System32\WindowsPowerShell\v1.0\;C:\Program Files (x86)\Intel\OpenCL SDK\2.0\bin\x86;C:\Program Files (x86)\Intel\OpenCL SDK\2.0\bin\x64;C:\Program Files (x86)\NVIDIA Corporation\PhysX\Common;C:\Program Files (x86)\Windows Kits\8.1\Windows Performance Toolkit\;C:\Program Files\Microsoft SQL Server\110\Tools\Binn\;C:\Program Files\nodejs\;C:\Users\supitsara\AppData\Roaming\npm
USERNAME=supitsara
OS=Windows_NT
PROCESSOR_IDENTIFIER=Intel64 Family 6 Model 42 Stepping 7, GenuineIntel



---------------  S Y S T E M  ---------------

OS: Windows 8.1 , 64 bit Build 9600 

CPU:total 4 (2 cores per cpu, 2 threads per core) family 6 model 42 stepping 7, cmov, cx8, fxsr, mmx, sse, sse2, sse3, ssse3, sse4.1, sse4.2, popcnt, avx, aes, ht, tsc, tscinvbit

Memory: 4k page, physical 4101820k(529848k free), swap 9531268k(5144k free)

vm_info: Java HotSpot(TM) 64-Bit Server VM (24.79-b02) for windows-amd64 JRE (1.7.0_79-b15), built on Apr 10 2015 12:36:16 by "java_re" with unknown MS VC++:1600

time: Sat Nov 07 23:20:42 2015
