#
# There is insufficient memory for the Java Runtime Environment to continue.
# Native memory allocation (malloc) failed to allocate 224736 bytes for Chunk::new
# Possible reasons:
#   The system is out of physical RAM or swap space
#   In 32 bit mode, the process size limit was hit
# Possible solutions:
#   Reduce memory load on the system
#   Increase physical memory or swap space
#   Check if swap backing store is full
#   Use 64 bit Java on a 64 bit OS
#   Decrease Java heap size (-Xmx/-Xms)
#   Decrease number of Java threads
#   Decrease Java thread stack sizes (-Xss)
#   Set larger code cache with -XX:ReservedCodeCacheSize=
# This output file may be truncated or incomplete.
#
#  Out of Memory Error (allocation.cpp:323), pid=12064, tid=10680
#
# JRE version: Java(TM) SE Runtime Environment (7.0_79-b15) (build 1.7.0_79-b15)
# Java VM: Java HotSpot(TM) 64-Bit Server VM (24.79-b02 mixed mode windows-amd64 compressed oops)
# Failed to write core dump. Minidumps are not enabled by default on client versions of Windows
#

---------------  T H R E A D  ---------------

Current thread (0x00000000085ce000):  JavaThread "C2 CompilerThread0" daemon [_thread_in_native, id=10680, stack(0x0000000009b30000,0x0000000009c30000)]

Stack: [0x0000000009b30000,0x0000000009c30000]
[error occurred during error reporting (printing stack bounds), id 0xc0000005]


[error occurred during error reporting (printing native stack), id 0xc0000005]


Current CompileTask:
C2:   4727  142             com.android.dx.ssa.SsaMethod::mapRegisters (87 bytes)


---------------  P R O C E S S  ---------------

Java Threads: ( => current thread )
  0x00000000085e5800 JavaThread "Service Thread" daemon [_thread_blocked, id=6012, stack(0x0000000009d30000,0x0000000009e30000)]
  0x00000000085d8000 JavaThread "C2 CompilerThread1" daemon [_thread_in_native, id=12252, stack(0x0000000009c30000,0x0000000009d30000)]
=>0x00000000085ce000 JavaThread "C2 CompilerThread0" daemon [_thread_in_native, id=10680, stack(0x0000000009b30000,0x0000000009c30000)]
  0x00000000085cd000 JavaThread "Attach Listener" daemon [_thread_blocked, id=11688, stack(0x0000000009a30000,0x0000000009b30000)]
  0x00000000085c7000 JavaThread "Signal Dispatcher" daemon [_thread_blocked, id=8332, stack(0x0000000009930000,0x0000000009a30000)]
  0x000000000858f800 JavaThread "Finalizer" daemon [_thread_blocked, id=2352, stack(0x0000000009830000,0x0000000009930000)]
  0x0000000008586000 JavaThread "Reference Handler" daemon [_thread_blocked, id=9456, stack(0x0000000009730000,0x0000000009830000)]
  0x0000000002630800 JavaThread "main" [_thread_in_Java, id=7516, stack(0x0000000002530000,0x0000000002630000)]

Other Threads:
  0x0000000008581800 VMThread [stack: 0x0000000009630000,0x0000000009730000] [id=3408]
  0x00000000085f5800 WatcherThread [stack: 0x0000000009e30000,0x0000000009f30000] [id=11616]

VM state:not at safepoint (normal execution)

VM Mutex/Monitor currently owned by a thread: None

Heap
 PSYoungGen      total 18944K, used 4310K [0x00000000eaa80000, 0x00000000ecf80000, 0x0000000100000000)
  eden space 16384K, 10% used [0x00000000eaa80000,0x00000000eac3b548,0x00000000eba80000)
  from space 2560K, 99% used [0x00000000eba80000,0x00000000ebcfa520,0x00000000ebd00000)
  to   space 2560K, 0% used [0x00000000ecd00000,0x00000000ecd00000,0x00000000ecf80000)
 ParOldGen       total 42496K, used 1704K [0x00000000c0000000, 0x00000000c2980000, 0x00000000eaa80000)
  object space 42496K, 4% used [0x00000000c0000000,0x00000000c01aa238,0x00000000c2980000)
 PSPermGen       total 21504K, used 5447K [0x00000000bae00000, 0x00000000bc300000, 0x00000000c0000000)
  object space 21504K, 25% used [0x00000000bae00000,0x00000000bb351ff8,0x00000000bc300000)

Card table byte_map: [0x00000000057f0000,0x0000000005a20000] byte_map_base: 0x0000000005219000

Polling page: 0x0000000002470000

Code Cache  [0x0000000002730000, 0x00000000029a0000, 0x0000000005730000)
 total_blobs=374 nmethods=140 adapters=186 free_code_cache=48550Kb largest_free_block=49694912

Compilation events (10 events):
Event: 4.530 Thread 0x00000000085d8000  137  s          java.util.Stack::peek (25 bytes)
Event: 4.530 Thread 0x00000000085ce000  138  s          java.util.Stack::pop (19 bytes)
Event: 4.532 Thread 0x00000000085d8000 nmethod 137 0x00000000027c6010 code [0x00000000027c6160, 0x00000000027c63f8]
Event: 4.532 Thread 0x00000000085d8000  139  s          java.util.Vector::removeElementAt (115 bytes)
Event: 4.533 Thread 0x00000000085ce000 nmethod 138 0x00000000027c5910 code [0x00000000027c5a60, 0x00000000027c5d58]
Event: 4.533 Thread 0x00000000085ce000  140  s          java.util.Vector::add (39 bytes)
Event: 4.535 Thread 0x00000000085d8000 nmethod 139 0x00000000027c51d0 code [0x00000000027c5320, 0x00000000027c5738]
Event: 4.536 Thread 0x00000000085ce000 nmethod 140 0x00000000027c9590 code [0x00000000027c96e0, 0x00000000027c9ac8]
Event: 4.625 Thread 0x00000000085d8000  141             com.android.dx.ssa.SsaConverter::placePhiFunctions (394 bytes)
Event: 4.698 Thread 0x00000000085ce000  142             com.android.dx.ssa.SsaMethod::mapRegisters (87 bytes)

GC Heap History (2 events):
Event: 4.377 GC heap before
{Heap before GC invocations=1 (full 0):
 PSYoungGen      total 18944K, used 16384K [0x00000000eaa80000, 0x00000000ebf80000, 0x0000000100000000)
  eden space 16384K, 100% used [0x00000000eaa80000,0x00000000eba80000,0x00000000eba80000)
  from space 2560K, 0% used [0x00000000ebd00000,0x00000000ebd00000,0x00000000ebf80000)
  to   space 2560K, 0% used [0x00000000eba80000,0x00000000eba80000,0x00000000ebd00000)
 ParOldGen       total 42496K, used 0K [0x00000000c0000000, 0x00000000c2980000, 0x00000000eaa80000)
  object space 42496K, 0% used [0x00000000c0000000,0x00000000c0000000,0x00000000c2980000)
 PSPermGen       total 21504K, used 5425K [0x00000000bae00000, 0x00000000bc300000, 0x00000000c0000000)
  object space 21504K, 25% used [0x00000000bae00000,0x00000000bb34c7b8,0x00000000bc300000)
Event: 4.499 GC heap after
Heap after GC invocations=1 (full 0):
 PSYoungGen      total 18944K, used 2537K [0x00000000eaa80000, 0x00000000ecf80000, 0x0000000100000000)
  eden space 16384K, 0% used [0x00000000eaa80000,0x00000000eaa80000,0x00000000eba80000)
  from space 2560K, 99% used [0x00000000eba80000,0x00000000ebcfa520,0x00000000ebd00000)
  to   space 2560K, 0% used [0x00000000ecd00000,0x00000000ecd00000,0x00000000ecf80000)
 ParOldGen       total 42496K, used 1704K [0x00000000c0000000, 0x00000000c2980000, 0x00000000eaa80000)
  object space 42496K, 4% used [0x00000000c0000000,0x00000000c01aa238,0x00000000c2980000)
 PSPermGen       total 21504K, used 5425K [0x00000000bae00000, 0x00000000bc300000, 0x00000000c0000000)
  object space 21504K, 25% used [0x00000000bae00000,0x00000000bb34c7b8,0x00000000bc300000)
}

Deoptimization events (2 events):
Event: 2.907 Thread 0x0000000002630800 Uncommon trap: reason=class_check action=maybe_recompile pc=0x00000000027a25f4 method=com.android.dx.ssa.NormalSsaInsn.accept(Lcom/android/dx/ssa/SsaInsn$Visitor;)V @ 9
Event: 3.082 Thread 0x0000000002630800 Uncommon trap: reason=null_check action=make_not_entrant pc=0x00000000027b21e0 method=com.android.dx.rop.code.LocalItem.equals(Ljava/lang/Object;)Z @ 1

Internal exceptions (10 events):
Event: 1.568 Thread 0x0000000002630800 Threw 0x00000000eb20cd00 at C:\re\jdk7u79\2331\hotspot\src\share\vm\prims\jvm.cpp:1304
Event: 1.575 Thread 0x0000000002630800 Threw 0x00000000eb217a30 at C:\re\jdk7u79\2331\hotspot\src\share\vm\prims\jvm.cpp:1304
Event: 1.959 Thread 0x0000000002630800 Threw 0x00000000eb2e5140 at C:\re\jdk7u79\2331\hotspot\src\share\vm\prims\jvm.cpp:1304
Event: 2.102 Thread 0x0000000002630800 Threw 0x00000000eb352248 at C:\re\jdk7u79\2331\hotspot\src\share\vm\prims\jvm.cpp:1304
Event: 2.103 Thread 0x0000000002630800 Threw 0x00000000eb354bf0 at C:\re\jdk7u79\2331\hotspot\src\share\vm\prims\jvm.cpp:1304
Event: 2.108 Thread 0x0000000002630800 Threw 0x00000000eb3574e8 at C:\re\jdk7u79\2331\hotspot\src\share\vm\prims\jvm.cpp:1304
Event: 2.109 Thread 0x0000000002630800 Threw 0x00000000eb35a3c0 at C:\re\jdk7u79\2331\hotspot\src\share\vm\prims\jvm.cpp:1304
Event: 2.827 Thread 0x0000000002630800 Threw 0x00000000eb5c9c18 at C:\re\jdk7u79\2331\hotspot\src\share\vm\prims\jvm.cpp:1304
Event: 2.896 Thread 0x0000000002630800 Threw 0x00000000eb62d858 at C:\re\jdk7u79\2331\hotspot\src\share\vm\prims\jvm.cpp:1304
Event: 3.082 Thread 0x0000000002630800 Implicit null exception at 0x00000000027b1ea3 to 0x00000000027b21cd

Events (10 events):
Event: 2.907 loading class 0x00000000026b5430
Event: 2.907 loading class 0x00000000026b5430 done
Event: 2.907 Thread 0x0000000002630800 Uncommon trap: trap_request=0xffffffde fr.pc=0x00000000027a25f4
Event: 2.907 Thread 0x0000000002630800 DEOPT PACKING pc=0x00000000027a25f4 sp=0x000000000262e630
Event: 2.907 Thread 0x0000000002630800 DEOPT UNPACKING pc=0x00000000027675a4 sp=0x000000000262e580 mode 2
Event: 3.082 Thread 0x0000000002630800 Uncommon trap: trap_request=0xfffffff4 fr.pc=0x00000000027b21e0
Event: 3.082 Thread 0x0000000002630800 DEOPT PACKING pc=0x00000000027b21e0 sp=0x000000000262e580
Event: 3.082 Thread 0x0000000002630800 DEOPT UNPACKING pc=0x00000000027675a4 sp=0x000000000262e4c0 mode 2
Event: 4.377 Executing VM operation: ParallelGCFailedAllocation
Event: 4.499 Executing VM operation: ParallelGCFailedAllocation done


Dynamic libraries:
0x00007ff650ad0000 - 0x00007ff650b03000 	C:\Program Files\Java\jdk1.7.0_79\bin\java.exe
0x00007ff935ab0000 - 0x00007ff935c5c000 	C:\Windows\SYSTEM32\ntdll.dll
0x00007ff935530000 - 0x00007ff93566e000 	C:\Windows\system32\KERNEL32.DLL
0x00007ff932eb0000 - 0x00007ff932fc5000 	C:\Windows\system32\KERNELBASE.dll
0x00007ff930ca0000 - 0x00007ff930d2e000 	C:\Windows\system32\apphelp.dll
0x00007ff921640000 - 0x00007ff921693000 	C:\Windows\AppPatch\AppPatch64\AcGenral.DLL
0x00007ff9331e0000 - 0x00007ff93328a000 	C:\Windows\system32\msvcrt.dll
0x00007ff932980000 - 0x00007ff9329ae000 	C:\Windows\SYSTEM32\SspiCli.dll
0x00007ff935060000 - 0x00007ff9350b4000 	C:\Windows\system32\SHLWAPI.dll
0x00007ff9334d0000 - 0x00007ff933647000 	C:\Windows\system32\USER32.dll
0x00007ff9356f0000 - 0x00007ff935884000 	C:\Windows\system32\ole32.dll
0x00007ff9338a0000 - 0x00007ff934dcb000 	C:\Windows\system32\SHELL32.dll
0x00007ff931cf0000 - 0x00007ff931d11000 	C:\Windows\SYSTEM32\USERENV.dll
0x00007ff934e00000 - 0x00007ff934eaa000 	C:\Windows\system32\ADVAPI32.dll
0x00007ff92d0b0000 - 0x00007ff92d0ce000 	C:\Windows\SYSTEM32\MPR.dll
0x00007ff9350c0000 - 0x00007ff935201000 	C:\Windows\system32\RPCRT4.dll
0x00007ff933140000 - 0x00007ff933199000 	C:\Windows\SYSTEM32\sechost.dll
0x00007ff935890000 - 0x00007ff935aa1000 	C:\Windows\SYSTEM32\combase.dll
0x00007ff934eb0000 - 0x00007ff934fff000 	C:\Windows\system32\GDI32.dll
0x00007ff932c00000 - 0x00007ff932c15000 	C:\Windows\SYSTEM32\profapi.dll
0x00007ff9321c0000 - 0x00007ff932272000 	C:\Windows\SYSTEM32\SHCORE.dll
0x00007ff9331a0000 - 0x00007ff9331d6000 	C:\Windows\system32\IMM32.DLL
0x00007ff9353d0000 - 0x00007ff935522000 	C:\Windows\system32\MSCTF.dll
0x00007ff932bb0000 - 0x00007ff932be1000 	C:\Windows\system32\nvinitx.dll
0x00007ff932ba0000 - 0x00007ff932baa000 	C:\Windows\SYSTEM32\VERSION.dll
0x000000000f000000 - 0x000000000f006000 	C:\Program Files\NVIDIA Corporation\CoProcManager\_etoured.dll
0x00007ff930310000 - 0x00007ff930341000 	C:\Program Files\NVIDIA Corporation\CoProcManager\nvd3d9wrapx.dll
0x00007ff9332f0000 - 0x00007ff9334ca000 	C:\Windows\system32\SETUPAPI.dll
0x00007ff933080000 - 0x00007ff9330cf000 	C:\Windows\system32\CFGMGR32.dll
0x00007ff92ff80000 - 0x00007ff92ffa2000 	C:\Program Files\NVIDIA Corporation\CoProcManager\nvdxgiwrapx.dll
0x00007ff9325f0000 - 0x00007ff93286b000 	C:\Windows\WinSxS\amd64_microsoft.windows.common-controls_6595b64144ccf1df_6.0.9600.18006_none_623f33d3ecbe86e8\COMCTL32.dll
0x00000000623b0000 - 0x0000000062482000 	C:\Program Files\Java\jdk1.7.0_79\jre\bin\msvcr100.dll
0x00000000617d0000 - 0x0000000061fa5000 	C:\Program Files\Java\jdk1.7.0_79\jre\bin\server\jvm.dll
0x00007ff930300000 - 0x00007ff930309000 	C:\Windows\SYSTEM32\WSOCK32.dll
0x00007ff92fe40000 - 0x00007ff92fe62000 	C:\Windows\SYSTEM32\WINMM.dll
0x00007ff935670000 - 0x00007ff935677000 	C:\Windows\system32\PSAPI.DLL
0x00007ff933290000 - 0x00007ff9332ea000 	C:\Windows\system32\WS2_32.dll
0x00007ff92fca0000 - 0x00007ff92fcca000 	C:\Windows\SYSTEM32\WINMMBASE.dll
0x00007ff933130000 - 0x00007ff933139000 	C:\Windows\system32\NSI.dll
0x00007ff930f00000 - 0x00007ff930f28000 	C:\Windows\SYSTEM32\DEVOBJ.dll
0x0000000062eb0000 - 0x0000000062ebf000 	C:\Program Files\Java\jdk1.7.0_79\jre\bin\verify.dll
0x0000000062590000 - 0x00000000625b8000 	C:\Program Files\Java\jdk1.7.0_79\jre\bin\java.dll
0x0000000062390000 - 0x00000000623a5000 	C:\Program Files\Java\jdk1.7.0_79\jre\bin\zip.dll
0x0000000062370000 - 0x000000006238a000 	C:\Program Files\Java\jdk1.7.0_79\jre\bin\net.dll
0x00007ff931f60000 - 0x00007ff931fb9000 	C:\Windows\system32\mswsock.dll
0x0000000062350000 - 0x0000000062361000 	C:\Program Files\Java\jdk1.7.0_79\jre\bin\nio.dll

VM Arguments:
jvm_args: -Xmx1024M -Dfile.encoding=x-windows-874 -Duser.country=US -Duser.language=en -Duser.variant 
java_command: com.android.dx.command.Main --dex --output C:\Users\supitsara\AndroidStudioProjects\MaterialNavigationTest\app\build\intermediates\pre-dexed\debug\gson-2.3.1-d9553ce8861d2aea5ec99f95a3a175835bbd3dc6.jar C:\Users\supitsara\.gradle\caches\modules-2\files-2.1\com.google.code.gson\gson\2.3.1\ecb6e1f8e4b0e84c4b886c2f14a1500caf309757\gson-2.3.1.jar
Launcher Type: SUN_STANDARD

Environment Variables:
PATH=C:\ProgramData\Oracle\Java\javapath;C:\Windows\system32;C:\Windows;C:\Windows\System32\Wbem;C:\Windows\System32\WindowsPowerShell\v1.0\;C:\Program Files (x86)\Intel\OpenCL SDK\2.0\bin\x86;C:\Program Files (x86)\Intel\OpenCL SDK\2.0\bin\x64;C:\Program Files (x86)\NVIDIA Corporation\PhysX\Common;C:\Program Files (x86)\Windows Kits\8.1\Windows Performance Toolkit\;C:\Program Files\Microsoft SQL Server\110\Tools\Binn\;C:\Program Files\nodejs\;C:\Users\supitsara\AppData\Roaming\npm
USERNAME=supitsara
OS=Windows_NT
PROCESSOR_IDENTIFIER=Intel64 Family 6 Model 42 Stepping 7, GenuineIntel



---------------  S Y S T E M  ---------------

OS: Windows 8.1 , 64 bit Build 9600 

CPU:total 4 (2 cores per cpu, 2 threads per core) family 6 model 42 stepping 7, cmov, cx8, fxsr, mmx, sse, sse2, sse3, ssse3, sse4.1, sse4.2, popcnt, avx, aes, ht, tsc, tscinvbit

Memory: 4k page, physical 4101820k(537344k free), swap 9531268k(5216k free)

vm_info: Java HotSpot(TM) 64-Bit Server VM (24.79-b02) for windows-amd64 JRE (1.7.0_79-b15), built on Apr 10 2015 12:36:16 by "java_re" with unknown MS VC++:1600

time: Sat Nov 07 22:53:52 2015
elapsed time: 4 seconds

