#
# There is insufficient memory for the Java Runtime Environment to continue.
# Native memory allocation (malloc) failed to allocate 430496 bytes for Chunk::new
# Possible reasons:
#   The system is out of physical RAM or swap space
#   In 32 bit mode, the process size limit was hit
# Possible solutions:
#   Reduce memory load on the system
#   Increase physical memory or swap space
#   Check if swap backing store is full
#   Use 64 bit Java on a 64 bit OS
#   Decrease Java heap size (-Xmx/-Xms)
#   Decrease number of Java threads
#   Decrease Java thread stack sizes (-Xss)
#   Set larger code cache with -XX:ReservedCodeCacheSize=
# This output file may be truncated or incomplete.
#
#  Out of Memory Error (allocation.cpp:323), pid=6508, tid=11324
#
# JRE version: Java(TM) SE Runtime Environment (7.0_79-b15) (build 1.7.0_79-b15)
# Java VM: Java HotSpot(TM) 64-Bit Server VM (24.79-b02 mixed mode windows-amd64 compressed oops)
# Failed to write core dump. Minidumps are not enabled by default on client versions of Windows
#

---------------  T H R E A D  ---------------

Current thread (0x000000000839d000):  JavaThread "C2 CompilerThread1" daemon [_thread_in_native, id=11324, stack(0x0000000009a20000,0x0000000009b20000)]

Stack: [0x0000000009a20000,0x0000000009b20000]
[error occurred during error reporting (printing stack bounds), id 0xc0000005]


[error occurred during error reporting (printing native stack), id 0xc0000005]


Current CompileTask:
C2:  10553  263             com.android.dx.ssa.SCCP::simulateStmt (481 bytes)


---------------  P R O C E S S  ---------------

Java Threads: ( => current thread )
  0x00000000083ae800 JavaThread "Service Thread" daemon [_thread_blocked, id=11948, stack(0x0000000009b20000,0x0000000009c20000)]
=>0x000000000839d000 JavaThread "C2 CompilerThread1" daemon [_thread_in_native, id=11324, stack(0x0000000009a20000,0x0000000009b20000)]
  0x000000000839b000 JavaThread "C2 CompilerThread0" daemon [_thread_in_native, id=3004, stack(0x0000000009920000,0x0000000009a20000)]
  0x000000000839a000 JavaThread "Attach Listener" daemon [_thread_blocked, id=11504, stack(0x0000000009820000,0x0000000009920000)]
  0x0000000008397000 JavaThread "Signal Dispatcher" daemon [_thread_blocked, id=12192, stack(0x0000000009720000,0x0000000009820000)]
  0x000000000835f800 JavaThread "Finalizer" daemon [_thread_blocked, id=8496, stack(0x0000000009620000,0x0000000009720000)]
  0x0000000008356000 JavaThread "Reference Handler" daemon [_thread_blocked, id=3808, stack(0x0000000009520000,0x0000000009620000)]
  0x0000000002400800 JavaThread "main" [_thread_in_Java, id=10880, stack(0x0000000002230000,0x0000000002330000)]

Other Threads:
  0x0000000008351800 VMThread [stack: 0x0000000009420000,0x0000000009520000] [id=10952]
  0x00000000083bd000 WatcherThread [stack: 0x0000000009c20000,0x0000000009d20000] [id=7180]

VM state:not at safepoint (normal execution)

VM Mutex/Monitor currently owned by a thread: None

Heap
 PSYoungGen      total 18944K, used 6751K [0x00000000eaa80000, 0x00000000ebf80000, 0x0000000100000000)
  eden space 16384K, 25% used [0x00000000eaa80000,0x00000000eae9beb8,0x00000000eba80000)
  from space 2560K, 99% used [0x00000000ebd00000,0x00000000ebf7c038,0x00000000ebf80000)
  to   space 2560K, 0% used [0x00000000eba80000,0x00000000eba80000,0x00000000ebd00000)
 ParOldGen       total 42496K, used 4203K [0x00000000c0000000, 0x00000000c2980000, 0x00000000eaa80000)
  object space 42496K, 9% used [0x00000000c0000000,0x00000000c041ad60,0x00000000c2980000)
 PSPermGen       total 21504K, used 5598K [0x00000000bae00000, 0x00000000bc300000, 0x00000000c0000000)
  object space 21504K, 26% used [0x00000000bae00000,0x00000000bb377a70,0x00000000bc300000)

Card table byte_map: [0x00000000055c0000,0x00000000057f0000] byte_map_base: 0x0000000004fe9000

Polling page: 0x0000000000850000

Code Cache  [0x0000000002500000, 0x0000000002770000, 0x0000000005500000)
 total_blobs=495 nmethods=261 adapters=186 free_code_cache=48087Kb largest_free_block=49204288

Compilation events (10 events):
Event: 10.447 Thread 0x000000000839d000 nmethod 257 0x000000000260a150 code [0x000000000260a2a0, 0x000000000260a638]
Event: 10.447 Thread 0x000000000839d000  258             com.android.dx.rop.code.BasicBlockList::set (12 bytes)
Event: 10.450 Thread 0x000000000839d000 nmethod 258 0x000000000260c510 code [0x000000000260c660, 0x000000000260c868]
Event: 10.509 Thread 0x000000000839d000  260             java.util.ArrayList::clear (39 bytes)
Event: 10.512 Thread 0x000000000839d000 nmethod 260 0x00000000025e5990 code [0x00000000025e5ac0, 0x00000000025e5b98]
Event: 10.512 Thread 0x000000000839d000  261             com.android.dx.ssa.DomFront::calcDomFronts (154 bytes)
Event: 10.534 Thread 0x000000000839d000 nmethod 261 0x00000000026070d0 code [0x0000000002607260, 0x0000000002607b38]
Event: 10.534 Thread 0x000000000839d000  262             com.android.dx.ssa.SsaMethod$2::visitNonMoveInsn (6 bytes)
Event: 10.535 Thread 0x000000000839d000 nmethod 262 0x00000000025f9750 code [0x00000000025f98a0, 0x00000000025f9908]
Event: 10.535 Thread 0x000000000839d000  263             com.android.dx.ssa.SCCP::simulateStmt (481 bytes)

GC Heap History (4 events):
Event: 8.100 GC heap before
{Heap before GC invocations=1 (full 0):
 PSYoungGen      total 18944K, used 16384K [0x00000000eaa80000, 0x00000000ebf80000, 0x0000000100000000)
  eden space 16384K, 100% used [0x00000000eaa80000,0x00000000eba80000,0x00000000eba80000)
  from space 2560K, 0% used [0x00000000ebd00000,0x00000000ebd00000,0x00000000ebf80000)
  to   space 2560K, 0% used [0x00000000eba80000,0x00000000eba80000,0x00000000ebd00000)
 ParOldGen       total 42496K, used 0K [0x00000000c0000000, 0x00000000c2980000, 0x00000000eaa80000)
  object space 42496K, 0% used [0x00000000c0000000,0x00000000c0000000,0x00000000c2980000)
 PSPermGen       total 21504K, used 5422K [0x00000000bae00000, 0x00000000bc300000, 0x00000000c0000000)
  object space 21504K, 25% used [0x00000000bae00000,0x00000000bb34b980,0x00000000bc300000)
Event: 8.126 GC heap after
Heap after GC invocations=1 (full 0):
 PSYoungGen      total 18944K, used 2551K [0x00000000eaa80000, 0x00000000ebf80000, 0x0000000100000000)
  eden space 16384K, 0% used [0x00000000eaa80000,0x00000000eaa80000,0x00000000eba80000)
  from space 2560K, 99% used [0x00000000eba80000,0x00000000ebcfdc78,0x00000000ebd00000)
  to   space 2560K, 0% used [0x00000000ebd00000,0x00000000ebd00000,0x00000000ebf80000)
 ParOldGen       total 42496K, used 1578K [0x00000000c0000000, 0x00000000c2980000, 0x00000000eaa80000)
  object space 42496K, 3% used [0x00000000c0000000,0x00000000c018a9a0,0x00000000c2980000)
 PSPermGen       total 21504K, used 5422K [0x00000000bae00000, 0x00000000bc300000, 0x00000000c0000000)
  object space 21504K, 25% used [0x00000000bae00000,0x00000000bb34b980,0x00000000bc300000)
}
Event: 10.227 GC heap before
{Heap before GC invocations=2 (full 0):
 PSYoungGen      total 18944K, used 18935K [0x00000000eaa80000, 0x00000000ebf80000, 0x0000000100000000)
  eden space 16384K, 100% used [0x00000000eaa80000,0x00000000eba80000,0x00000000eba80000)
  from space 2560K, 99% used [0x00000000eba80000,0x00000000ebcfdc78,0x00000000ebd00000)
  to   space 2560K, 0% used [0x00000000ebd00000,0x00000000ebd00000,0x00000000ebf80000)
 ParOldGen       total 42496K, used 1578K [0x00000000c0000000, 0x00000000c2980000, 0x00000000eaa80000)
  object space 42496K, 3% used [0x00000000c0000000,0x00000000c018a9a0,0x00000000c2980000)
 PSPermGen       total 21504K, used 5591K [0x00000000bae00000, 0x00000000bc300000, 0x00000000c0000000)
  object space 21504K, 26% used [0x00000000bae00000,0x00000000bb375cb8,0x00000000bc300000)
Event: 10.288 GC heap after
Heap after GC invocations=2 (full 0):
 PSYoungGen      total 18944K, used 2544K [0x00000000eaa80000, 0x00000000ebf80000, 0x0000000100000000)
  eden space 16384K, 0% used [0x00000000eaa80000,0x00000000eaa80000,0x00000000eba80000)
  from space 2560K, 99% used [0x00000000ebd00000,0x00000000ebf7c038,0x00000000ebf80000)
  to   space 2560K, 0% used [0x00000000eba80000,0x00000000eba80000,0x00000000ebd00000)
 ParOldGen       total 42496K, used 4203K [0x00000000c0000000, 0x00000000c2980000, 0x00000000eaa80000)
  object space 42496K, 9% used [0x00000000c0000000,0x00000000c041ad60,0x00000000c2980000)
 PSPermGen       total 21504K, used 5591K [0x00000000bae00000, 0x00000000bc300000, 0x00000000c0000000)
  object space 21504K, 26% used [0x00000000bae00000,0x00000000bb375cb8,0x00000000bc300000)
}

Deoptimization events (4 events):
Event: 1.291 Thread 0x0000000002400800 Uncommon trap: reason=null_check action=make_not_entrant pc=0x00000000025797ac method=com.android.dx.rop.code.LocalItem.equals(Ljava/lang/Object;)Z @ 1
Event: 9.132 Thread 0x0000000002400800 Uncommon trap: reason=null_check action=make_not_entrant pc=0x00000000025b5954 method=com.android.dx.rop.code.RegisterSpec.equals(Ljava/lang/Object;)Z @ 1
Event: 9.938 Thread 0x0000000002400800 Uncommon trap: reason=unreached action=reinterpret pc=0x00000000025836c4 method=com.android.dx.rop.cst.Constant.compareTo(Lcom/android/dx/rop/cst/Constant;)I @ 12
Event: 9.963 Thread 0x0000000002400800 Uncommon trap: reason=unreached action=reinterpret pc=0x00000000025b9fa4 method=com.android.dx.ssa.SsaRenamer$BlockRenamer.process()V @ 90

Internal exceptions (10 events):
Event: 8.470 Thread 0x0000000002400800 Threw 0x00000000eac517e0 at C:\re\jdk7u79\2331\hotspot\src\share\vm\prims\jvm.cpp:1304
Event: 8.470 Thread 0x0000000002400800 Threw 0x00000000eac53b80 at C:\re\jdk7u79\2331\hotspot\src\share\vm\prims\jvm.cpp:1304
Event: 8.471 Thread 0x0000000002400800 Threw 0x00000000eac5a280 at C:\re\jdk7u79\2331\hotspot\src\share\vm\prims\jvm.cpp:1304
Event: 8.472 Thread 0x0000000002400800 Threw 0x00000000eac5c840 at C:\re\jdk7u79\2331\hotspot\src\share\vm\prims\jvm.cpp:1304
Event: 8.517 Thread 0x0000000002400800 Threw 0x00000000eac8b048 at C:\re\jdk7u79\2331\hotspot\src\share\vm\prims\jvm.cpp:1304
Event: 8.646 Thread 0x0000000002400800 Threw 0x00000000eacdd918 at C:\re\jdk7u79\2331\hotspot\src\share\vm\prims\jvm.cpp:1304
Event: 8.647 Thread 0x0000000002400800 Threw 0x00000000eace31d8 at C:\re\jdk7u79\2331\hotspot\src\share\vm\prims\jvm.cpp:1304
Event: 8.648 Thread 0x0000000002400800 Threw 0x00000000eace87d0 at C:\re\jdk7u79\2331\hotspot\src\share\vm\prims\jvm.cpp:1304
Event: 9.132 Thread 0x0000000002400800 Implicit null exception at 0x00000000025b49e2 to 0x00000000025b5925
Event: 9.322 Thread 0x0000000002400800 Threw 0x00000000eb0b8358 at C:\re\jdk7u79\2331\hotspot\src\share\vm\prims\jvm.cpp:1304

Events (10 events):
Event: 10.227 Executing VM operation: ParallelGCFailedAllocation
Event: 10.288 Executing VM operation: ParallelGCFailedAllocation done
Event: 10.288 Executing VM operation: RevokeBias
Event: 10.288 Executing VM operation: RevokeBias done
Event: 10.288 Executing VM operation: RevokeBias
Event: 10.288 Executing VM operation: RevokeBias done
Event: 10.288 Executing VM operation: RevokeBias
Event: 10.288 Executing VM operation: RevokeBias done
Event: 10.288 Executing VM operation: BulkRevokeBias
Event: 10.288 Executing VM operation: BulkRevokeBias done


Dynamic libraries:
0x00007ff650ad0000 - 0x00007ff650b03000 	C:\Program Files\Java\jdk1.7.0_79\bin\java.exe
0x00007ff935ab0000 - 0x00007ff935c5c000 	C:\Windows\SYSTEM32\ntdll.dll
0x00007ff935530000 - 0x00007ff93566e000 	C:\Windows\system32\KERNEL32.DLL
0x00007ff932eb0000 - 0x00007ff932fc5000 	C:\Windows\system32\KERNELBASE.dll
0x00007ff930ca0000 - 0x00007ff930d2e000 	C:\Windows\system32\apphelp.dll
0x00007ff921640000 - 0x00007ff921693000 	C:\Windows\AppPatch\AppPatch64\AcGenral.DLL
0x00007ff9331e0000 - 0x00007ff93328a000 	C:\Windows\system32\msvcrt.dll
0x00007ff932980000 - 0x00007ff9329ae000 	C:\Windows\SYSTEM32\SspiCli.dll
0x00007ff935060000 - 0x00007ff9350b4000 	C:\Windows\system32\SHLWAPI.dll
0x00007ff9334d0000 - 0x00007ff933647000 	C:\Windows\system32\USER32.dll
0x00007ff9356f0000 - 0x00007ff935884000 	C:\Windows\system32\ole32.dll
0x00007ff9338a0000 - 0x00007ff934dcb000 	C:\Windows\system32\SHELL32.dll
0x00007ff931cf0000 - 0x00007ff931d11000 	C:\Windows\SYSTEM32\USERENV.dll
0x00007ff934e00000 - 0x00007ff934eaa000 	C:\Windows\system32\ADVAPI32.dll
0x00007ff92d0b0000 - 0x00007ff92d0ce000 	C:\Windows\SYSTEM32\MPR.dll
0x00007ff9350c0000 - 0x00007ff935201000 	C:\Windows\system32\RPCRT4.dll
0x00007ff933140000 - 0x00007ff933199000 	C:\Windows\SYSTEM32\sechost.dll
0x00007ff935890000 - 0x00007ff935aa1000 	C:\Windows\SYSTEM32\combase.dll
0x00007ff934eb0000 - 0x00007ff934fff000 	C:\Windows\system32\GDI32.dll
0x00007ff932c00000 - 0x00007ff932c15000 	C:\Windows\SYSTEM32\profapi.dll
0x00007ff9321c0000 - 0x00007ff932272000 	C:\Windows\SYSTEM32\SHCORE.dll
0x00007ff9331a0000 - 0x00007ff9331d6000 	C:\Windows\system32\IMM32.DLL
0x00007ff9353d0000 - 0x00007ff935522000 	C:\Windows\system32\MSCTF.dll
0x00007ff932bb0000 - 0x00007ff932be1000 	C:\Windows\system32\nvinitx.dll
0x00007ff932ba0000 - 0x00007ff932baa000 	C:\Windows\SYSTEM32\VERSION.dll
0x000000000f000000 - 0x000000000f006000 	C:\Program Files\NVIDIA Corporation\CoProcManager\_etoured.dll
0x00007ff930310000 - 0x00007ff930341000 	C:\Program Files\NVIDIA Corporation\CoProcManager\nvd3d9wrapx.dll
0x00007ff9332f0000 - 0x00007ff9334ca000 	C:\Windows\system32\SETUPAPI.dll
0x00007ff933080000 - 0x00007ff9330cf000 	C:\Windows\system32\CFGMGR32.dll
0x00007ff92ff80000 - 0x00007ff92ffa2000 	C:\Program Files\NVIDIA Corporation\CoProcManager\nvdxgiwrapx.dll
0x00007ff9325f0000 - 0x00007ff93286b000 	C:\Windows\WinSxS\amd64_microsoft.windows.common-controls_6595b64144ccf1df_6.0.9600.18006_none_623f33d3ecbe86e8\COMCTL32.dll
0x00000000623b0000 - 0x0000000062482000 	C:\Program Files\Java\jdk1.7.0_79\jre\bin\msvcr100.dll
0x00000000617d0000 - 0x0000000061fa5000 	C:\Program Files\Java\jdk1.7.0_79\jre\bin\server\jvm.dll
0x00007ff930300000 - 0x00007ff930309000 	C:\Windows\SYSTEM32\WSOCK32.dll
0x00007ff92fe40000 - 0x00007ff92fe62000 	C:\Windows\SYSTEM32\WINMM.dll
0x00007ff935670000 - 0x00007ff935677000 	C:\Windows\system32\PSAPI.DLL
0x00007ff933290000 - 0x00007ff9332ea000 	C:\Windows\system32\WS2_32.dll
0x00007ff92fca0000 - 0x00007ff92fcca000 	C:\Windows\SYSTEM32\WINMMBASE.dll
0x00007ff933130000 - 0x00007ff933139000 	C:\Windows\system32\NSI.dll
0x00007ff930f00000 - 0x00007ff930f28000 	C:\Windows\SYSTEM32\DEVOBJ.dll
0x0000000062eb0000 - 0x0000000062ebf000 	C:\Program Files\Java\jdk1.7.0_79\jre\bin\verify.dll
0x0000000062590000 - 0x00000000625b8000 	C:\Program Files\Java\jdk1.7.0_79\jre\bin\java.dll
0x0000000062390000 - 0x00000000623a5000 	C:\Program Files\Java\jdk1.7.0_79\jre\bin\zip.dll
0x0000000062370000 - 0x000000006238a000 	C:\Program Files\Java\jdk1.7.0_79\jre\bin\net.dll
0x00007ff931f60000 - 0x00007ff931fb9000 	C:\Windows\system32\mswsock.dll
0x0000000062350000 - 0x0000000062361000 	C:\Program Files\Java\jdk1.7.0_79\jre\bin\nio.dll

VM Arguments:
jvm_args: -Xmx1024M -Dfile.encoding=x-windows-874 -Duser.country=US -Duser.language=en -Duser.variant 
java_command: com.android.dx.command.Main --dex --output C:\Users\supitsara\AndroidStudioProjects\MaterialNavigationTest\app\build\intermediates\pre-dexed\debug\classes-1d57d4d1c97d9a3091378b370e3249e132fa9807.jar C:\Users\supitsara\AndroidStudioProjects\MaterialNavigationTest\app\build\intermediates\exploded-aar\com.android.support\mediarouter-v7\22.2.0\jars\classes.jar
Launcher Type: SUN_STANDARD

Environment Variables:
PATH=C:\ProgramData\Oracle\Java\javapath;C:\Windows\system32;C:\Windows;C:\Windows\System32\Wbem;C:\Windows\System32\WindowsPowerShell\v1.0\;C:\Program Files (x86)\Intel\OpenCL SDK\2.0\bin\x86;C:\Program Files (x86)\Intel\OpenCL SDK\2.0\bin\x64;C:\Program Files (x86)\NVIDIA Corporation\PhysX\Common;C:\Program Files (x86)\Windows Kits\8.1\Windows Performance Toolkit\;C:\Program Files\Microsoft SQL Server\110\Tools\Binn\;C:\Program Files\nodejs\;C:\Users\supitsara\AppData\Roaming\npm
USERNAME=supitsara
OS=Windows_NT
PROCESSOR_IDENTIFIER=Intel64 Family 6 Model 42 Stepping 7, GenuineIntel



---------------  S Y S T E M  ---------------

OS: Windows 8.1 , 64 bit Build 9600 

CPU:total 4 (2 cores per cpu, 2 threads per core) family 6 model 42 stepping 7, cmov, cx8, fxsr, mmx, sse, sse2, sse3, ssse3, sse4.1, sse4.2, popcnt, avx, aes, ht, tsc, tscinvbit

Memory: 4k page, physical 4101820k(656544k free), swap 9531268k(5072k free)

vm_info: Java HotSpot(TM) 64-Bit Server VM (24.79-b02) for windows-amd64 JRE (1.7.0_79-b15), built on Apr 10 2015 12:36:16 by "java_re" with unknown MS VC++:1600

time: Sat Nov 07 23:18:21 2015
elapsed time: 10 seconds

