#
# There is insufficient memory for the Java Runtime Environment to continue.
# Native memory allocation (malloc) failed to allocate 174736 bytes for Chunk::new
# Possible reasons:
#   The system is out of physical RAM or swap space
#   In 32 bit mode, the process size limit was hit
# Possible solutions:
#   Reduce memory load on the system
#   Increase physical memory or swap space
#   Check if swap backing store is full
#   Use 64 bit Java on a 64 bit OS
#   Decrease Java heap size (-Xmx/-Xms)
#   Decrease number of Java threads
#   Decrease Java thread stack sizes (-Xss)
#   Set larger code cache with -XX:ReservedCodeCacheSize=
# This output file may be truncated or incomplete.
#
#  Out of Memory Error (allocation.cpp:323), pid=12104, tid=2084
#
# JRE version: Java(TM) SE Runtime Environment (7.0_79-b15) (build 1.7.0_79-b15)
# Java VM: Java HotSpot(TM) 64-Bit Server VM (24.79-b02 mixed mode windows-amd64 compressed oops)
# Failed to write core dump. Minidumps are not enabled by default on client versions of Windows
#

---------------  T H R E A D  ---------------

Current thread (0x00000000085f5000):  JavaThread "C2 CompilerThread1" daemon [_thread_in_native, id=2084, stack(0x0000000009c80000,0x0000000009d80000)]

Stack: [0x0000000009c80000,0x0000000009d80000]
[error occurred during error reporting (printing stack bounds), id 0xc0000005]


Current CompileTask:
C2:   4115  322             com.android.dx.cf.code.BaseMachine::storeResults (90 bytes)


---------------  P R O C E S S  ---------------

Java Threads: ( => current thread )
  0x0000000008610000 JavaThread "Service Thread" daemon [_thread_blocked, id=10192, stack(0x0000000009d80000,0x0000000009e80000)]
=>0x00000000085f5000 JavaThread "C2 CompilerThread1" daemon [_thread_in_native, id=2084, stack(0x0000000009c80000,0x0000000009d80000)]
  0x00000000085f3000 JavaThread "C2 CompilerThread0" daemon [_thread_blocked, id=9988, stack(0x0000000009b80000,0x0000000009c80000)]
  0x00000000085f2000 JavaThread "Attach Listener" daemon [_thread_blocked, id=10992, stack(0x0000000009a80000,0x0000000009b80000)]
  0x00000000085ef800 JavaThread "Signal Dispatcher" daemon [_thread_blocked, id=10508, stack(0x0000000009980000,0x0000000009a80000)]
  0x00000000085b9800 JavaThread "Finalizer" daemon [_thread_blocked, id=10020, stack(0x0000000009860000,0x0000000009960000)]
  0x00000000085b6000 JavaThread "Reference Handler" daemon [_thread_blocked, id=10328, stack(0x0000000009760000,0x0000000009860000)]
  0x0000000002640800 JavaThread "main" [_thread_in_Java, id=9644, stack(0x00000000024b0000,0x00000000025b0000)]

Other Threads:
  0x00000000085b1800 VMThread [stack: 0x0000000009660000,0x0000000009760000] [id=10680]
  0x0000000008623800 WatcherThread [stack: 0x0000000009e80000,0x0000000009f80000] [id=9912]

VM state:not at safepoint (normal execution)

VM Mutex/Monitor currently owned by a thread: None

Heap
 PSYoungGen      total 18944K, used 18658K [0x00000000eaa80000, 0x00000000ecf80000, 0x0000000100000000)
  eden space 16384K, 98% used [0x00000000eaa80000,0x00000000eba3c508,0x00000000eba80000)
  from space 2560K, 99% used [0x00000000ebd00000,0x00000000ebf7c6e0,0x00000000ebf80000)
  to   space 2560K, 0% used [0x00000000eba80000,0x00000000eba80000,0x00000000ebd00000)
 ParOldGen       total 42496K, used 3764K [0x00000000c0000000, 0x00000000c2980000, 0x00000000eaa80000)
  object space 42496K, 8% used [0x00000000c0000000,0x00000000c03ad088,0x00000000c2980000)
 PSPermGen       total 21504K, used 5603K [0x00000000bae00000, 0x00000000bc300000, 0x00000000c0000000)
  object space 21504K, 26% used [0x00000000bae00000,0x00000000bb378e58,0x00000000bc300000)

Card table byte_map: [0x0000000005800000,0x0000000005a30000] byte_map_base: 0x0000000005229000

Polling page: 0x00000000025b0000

Code Cache  [0x0000000002740000, 0x00000000029b0000, 0x0000000005740000)
 total_blobs=556 nmethods=322 adapters=186 free_code_cache=47650Kb largest_free_block=48758592

Compilation events (10 events):
Event: 4.074 Thread 0x00000000085f5000  319   !         com.android.dx.rop.cst.StdConstantPool::get (24 bytes)
Event: 4.074 Thread 0x00000000085f5000 nmethod 319 0x000000000287e550 code [0x000000000287e680, 0x000000000287e718]
Event: 4.077 Thread 0x00000000085f3000 nmethod 318 0x00000000028b8750 code [0x00000000028b88c0, 0x00000000028b8b58]
Event: 4.087 Thread 0x00000000085f5000  320             com.android.dx.ssa.SsaInsn::<init> (29 bytes)
Event: 4.088 Thread 0x00000000085f5000 nmethod 320 0x00000000028b8510 code [0x00000000028b8640, 0x00000000028b86d8]
Event: 4.093 Thread 0x00000000085f3000  321             com.android.dx.rop.cst.CstString::getString (5 bytes)
Event: 4.094 Thread 0x00000000085f3000 nmethod 321 0x00000000028b8250 code [0x00000000028b8380, 0x00000000028b83d8]
Event: 4.109 Thread 0x00000000085f5000  322             com.android.dx.cf.code.BaseMachine::storeResults (90 bytes)
Event: 4.110 Thread 0x00000000085f3000  323             com.android.dx.cf.code.OneLocalsArray::getOrNull (7 bytes)
Event: 4.111 Thread 0x00000000085f3000 nmethod 323 0x000000000287e2d0 code [0x000000000287e400, 0x000000000287e498]

GC Heap History (4 events):
Event: 1.138 GC heap before
{Heap before GC invocations=1 (full 0):
 PSYoungGen      total 18944K, used 16384K [0x00000000eaa80000, 0x00000000ebf80000, 0x0000000100000000)
  eden space 16384K, 100% used [0x00000000eaa80000,0x00000000eba80000,0x00000000eba80000)
  from space 2560K, 0% used [0x00000000ebd00000,0x00000000ebd00000,0x00000000ebf80000)
  to   space 2560K, 0% used [0x00000000eba80000,0x00000000eba80000,0x00000000ebd00000)
 ParOldGen       total 42496K, used 0K [0x00000000c0000000, 0x00000000c2980000, 0x00000000eaa80000)
  object space 42496K, 0% used [0x00000000c0000000,0x00000000c0000000,0x00000000c2980000)
 PSPermGen       total 21504K, used 5421K [0x00000000bae00000, 0x00000000bc300000, 0x00000000c0000000)
  object space 21504K, 25% used [0x00000000bae00000,0x00000000bb34b550,0x00000000bc300000)
Event: 1.147 GC heap after
Heap after GC invocations=1 (full 0):
 PSYoungGen      total 18944K, used 2551K [0x00000000eaa80000, 0x00000000ebf80000, 0x0000000100000000)
  eden space 16384K, 0% used [0x00000000eaa80000,0x00000000eaa80000,0x00000000eba80000)
  from space 2560K, 99% used [0x00000000eba80000,0x00000000ebcfdc78,0x00000000ebd00000)
  to   space 2560K, 0% used [0x00000000ebd00000,0x00000000ebd00000,0x00000000ebf80000)
 ParOldGen       total 42496K, used 1561K [0x00000000c0000000, 0x00000000c2980000, 0x00000000eaa80000)
  object space 42496K, 3% used [0x00000000c0000000,0x00000000c01867f8,0x00000000c2980000)
 PSPermGen       total 21504K, used 5421K [0x00000000bae00000, 0x00000000bc300000, 0x00000000c0000000)
  object space 21504K, 25% used [0x00000000bae00000,0x00000000bb34b550,0x00000000bc300000)
}
Event: 2.970 GC heap before
{Heap before GC invocations=2 (full 0):
 PSYoungGen      total 18944K, used 18935K [0x00000000eaa80000, 0x00000000ebf80000, 0x0000000100000000)
  eden space 16384K, 100% used [0x00000000eaa80000,0x00000000eba80000,0x00000000eba80000)
  from space 2560K, 99% used [0x00000000eba80000,0x00000000ebcfdc78,0x00000000ebd00000)
  to   space 2560K, 0% used [0x00000000ebd00000,0x00000000ebd00000,0x00000000ebf80000)
 ParOldGen       total 42496K, used 1561K [0x00000000c0000000, 0x00000000c2980000, 0x00000000eaa80000)
  object space 42496K, 3% used [0x00000000c0000000,0x00000000c01867f8,0x00000000c2980000)
 PSPermGen       total 21504K, used 5563K [0x00000000bae00000, 0x00000000bc300000, 0x00000000c0000000)
  object space 21504K, 25% used [0x00000000bae00000,0x00000000bb36ec90,0x00000000bc300000)
Event: 3.087 GC heap after
Heap after GC invocations=2 (full 0):
 PSYoungGen      total 18944K, used 2545K [0x00000000eaa80000, 0x00000000ecf80000, 0x0000000100000000)
  eden space 16384K, 0% used [0x00000000eaa80000,0x00000000eaa80000,0x00000000eba80000)
  from space 2560K, 99% used [0x00000000ebd00000,0x00000000ebf7c6e0,0x00000000ebf80000)
  to   space 2560K, 0% used [0x00000000eba80000,0x00000000eba80000,0x00000000ebd00000)
 ParOldGen       total 42496K, used 3764K [0x00000000c0000000, 0x00000000c2980000, 0x00000000eaa80000)
  object space 42496K, 8% used [0x00000000c0000000,0x00000000c03ad088,0x00000000c2980000)
 PSPermGen       total 21504K, used 5563K [0x00000000bae00000, 0x00000000bc300000, 0x00000000c0000000)
  object space 21504K, 25% used [0x00000000bae00000,0x00000000bb36ec90,0x00000000bc300000)
}

Deoptimization events (10 events):
Event: 3.775 Thread 0x0000000002640800 Uncommon trap: reason=class_check action=maybe_recompile pc=0x000000000283bc7c method=java.util.HashMap.put(Ljava/lang/Object;Ljava/lang/Object;)Ljava/lang/Object; @ 83
Event: 3.820 Thread 0x0000000002640800 Uncommon trap: reason=unreached action=reinterpret pc=0x0000000002821550 method=com.android.dx.rop.code.LocalVariableExtractor.processBlock(I)V @ 138
Event: 3.827 Thread 0x0000000002640800 Uncommon trap: reason=class_check action=maybe_recompile pc=0x00000000027cec58 method=com.android.dx.ssa.NormalSsaInsn.accept(Lcom/android/dx/ssa/SsaInsn$Visitor;)V @ 9
Event: 3.913 Thread 0x0000000002640800 Uncommon trap: reason=uninitialized action=reinterpret pc=0x00000000028a5a28 method=com.android.dx.cf.code.BytecodeArray.parseInstruction(ILcom/android/dx/cf/code/BytecodeArray$Visitor;)I @ 1079
Event: 3.915 Thread 0x0000000002640800 Uncommon trap: reason=bimorphic action=maybe_recompile pc=0x0000000002872abc method=com.android.dx.ssa.SCCP.simulatePhi(Lcom/android/dx/ssa/PhiInsn;)V @ 124
Event: 3.916 Thread 0x0000000002640800 Uncommon trap: reason=unreached action=reinterpret pc=0x00000000027c4144 method=com.android.dx.rop.cst.Constant.compareTo(Lcom/android/dx/rop/cst/Constant;)I @ 12
Event: 4.108 Thread 0x0000000002640800 Uncommon trap: reason=bimorphic action=maybe_recompile pc=0x00000000028b65f4 method=com.android.dx.cf.code.BaseMachine.getLocalTarget(Z)Lcom/android/dx/rop/code/RegisterSpec; @ 70
Event: 4.108 Thread 0x0000000002640800 Uncommon trap: reason=bimorphic action=maybe_recompile pc=0x00000000028b65f4 method=com.android.dx.cf.code.BaseMachine.getLocalTarget(Z)Lcom/android/dx/rop/code/RegisterSpec; @ 70
Event: 4.109 Thread 0x0000000002640800 Uncommon trap: reason=bimorphic action=maybe_recompile pc=0x00000000028b65f4 method=com.android.dx.cf.code.BaseMachine.getLocalTarget(Z)Lcom/android/dx/rop/code/RegisterSpec; @ 70
Event: 4.109 Thread 0x0000000002640800 Uncommon trap: reason=bimorphic action=maybe_recompile pc=0x00000000028b65f4 method=com.android.dx.cf.code.BaseMachine.getLocalTarget(Z)Lcom/android/dx/rop/code/RegisterSpec; @ 70

Internal exceptions (10 events):
Event: 0.642 Thread 0x0000000002640800 Threw 0x00000000eb2bfa28 at C:\re\jdk7u79\2331\hotspot\src\share\vm\prims\jvm.cpp:1304
Event: 0.643 Thread 0x0000000002640800 Threw 0x00000000eb2c1d80 at C:\re\jdk7u79\2331\hotspot\src\share\vm\prims\jvm.cpp:1304
Event: 0.737 Thread 0x0000000002640800 Threw 0x00000000eb387ef8 at C:\re\jdk7u79\2331\hotspot\src\share\vm\prims\jvm.cpp:1304
Event: 0.870 Thread 0x0000000002640800 Implicit null exception at 0x00000000027bda43 to 0x00000000027bdd99
Event: 1.667 Thread 0x0000000002640800 Implicit null exception at 0x00000000027f7fed to 0x00000000027f8dbd
Event: 1.809 Thread 0x0000000002640800 Implicit null exception at 0x00000000027f293e to 0x00000000027f3cb9
Event: 2.811 Thread 0x0000000002640800 Implicit null exception at 0x0000000002827e07 to 0x00000000028284e5
Event: 2.900 Thread 0x0000000002640800 Threw 0x00000000eb9e5ff0 at C:\re\jdk7u79\2331\hotspot\src\share\vm\prims\jvm.cpp:1304
Event: 3.098 Thread 0x0000000002640800 Implicit null exception at 0x00000000028462d1 to 0x00000000028483b9
Event: 3.935 Thread 0x0000000002640800 Threw 0x00000000eb71dc40 at C:\re\jdk7u79\2331\hotspot\src\share\vm\prims\jvm.cpp:1304

Events (10 events):
Event: 4.108 Thread 0x0000000002640800 DEOPT UNPACKING pc=0x00000000027775a4 sp=0x00000000025ae598 mode 2
Event: 4.108 Thread 0x0000000002640800 Uncommon trap: trap_request=0xffffffc6 fr.pc=0x00000000028b65f4
Event: 4.108 Thread 0x0000000002640800 DEOPT PACKING pc=0x00000000028b65f4 sp=0x00000000025ae650
Event: 4.108 Thread 0x0000000002640800 DEOPT UNPACKING pc=0x00000000027775a4 sp=0x00000000025ae598 mode 2
Event: 4.109 Thread 0x0000000002640800 Uncommon trap: trap_request=0xffffffc6 fr.pc=0x00000000028b65f4
Event: 4.109 Thread 0x0000000002640800 DEOPT PACKING pc=0x00000000028b65f4 sp=0x00000000025ae650
Event: 4.109 Thread 0x0000000002640800 DEOPT UNPACKING pc=0x00000000027775a4 sp=0x00000000025ae598 mode 2
Event: 4.109 Thread 0x0000000002640800 Uncommon trap: trap_request=0xffffffc6 fr.pc=0x00000000028b65f4
Event: 4.109 Thread 0x0000000002640800 DEOPT PACKING pc=0x00000000028b65f4 sp=0x00000000025ae650
Event: 4.109 Thread 0x0000000002640800 DEOPT UNPACKING pc=0x00000000027775a4 sp=0x00000000025ae598 mode 2


Dynamic libraries:
0x00007ff650ad0000 - 0x00007ff650b03000 	C:\Program Files\Java\jdk1.7.0_79\bin\java.exe
0x00007ff935ab0000 - 0x00007ff935c5c000 	C:\Windows\SYSTEM32\ntdll.dll
0x00007ff935530000 - 0x00007ff93566e000 	C:\Windows\system32\KERNEL32.DLL
0x00007ff932eb0000 - 0x00007ff932fc5000 	C:\Windows\system32\KERNELBASE.dll
0x00007ff930ca0000 - 0x00007ff930d2e000 	C:\Windows\system32\apphelp.dll
0x00007ff921640000 - 0x00007ff921693000 	C:\Windows\AppPatch\AppPatch64\AcGenral.DLL
0x00007ff9331e0000 - 0x00007ff93328a000 	C:\Windows\system32\msvcrt.dll
0x00007ff932980000 - 0x00007ff9329ae000 	C:\Windows\SYSTEM32\SspiCli.dll
0x00007ff935060000 - 0x00007ff9350b4000 	C:\Windows\system32\SHLWAPI.dll
0x00007ff9334d0000 - 0x00007ff933647000 	C:\Windows\system32\USER32.dll
0x00007ff9356f0000 - 0x00007ff935884000 	C:\Windows\system32\ole32.dll
0x00007ff9338a0000 - 0x00007ff934dcb000 	C:\Windows\system32\SHELL32.dll
0x00007ff931cf0000 - 0x00007ff931d11000 	C:\Windows\SYSTEM32\USERENV.dll
0x00007ff934e00000 - 0x00007ff934eaa000 	C:\Windows\system32\ADVAPI32.dll
0x00007ff92d0b0000 - 0x00007ff92d0ce000 	C:\Windows\SYSTEM32\MPR.dll
0x00007ff9350c0000 - 0x00007ff935201000 	C:\Windows\system32\RPCRT4.dll
0x00007ff933140000 - 0x00007ff933199000 	C:\Windows\SYSTEM32\sechost.dll
0x00007ff935890000 - 0x00007ff935aa1000 	C:\Windows\SYSTEM32\combase.dll
0x00007ff934eb0000 - 0x00007ff934fff000 	C:\Windows\system32\GDI32.dll
0x00007ff932c00000 - 0x00007ff932c15000 	C:\Windows\SYSTEM32\profapi.dll
0x00007ff9321c0000 - 0x00007ff932272000 	C:\Windows\SYSTEM32\SHCORE.dll
0x00007ff9331a0000 - 0x00007ff9331d6000 	C:\Windows\system32\IMM32.DLL
0x00007ff9353d0000 - 0x00007ff935522000 	C:\Windows\system32\MSCTF.dll
0x00007ff932bb0000 - 0x00007ff932be1000 	C:\Windows\system32\nvinitx.dll
0x00007ff932ba0000 - 0x00007ff932baa000 	C:\Windows\SYSTEM32\VERSION.dll
0x000000000f000000 - 0x000000000f006000 	C:\Program Files\NVIDIA Corporation\CoProcManager\_etoured.dll
0x00007ff930310000 - 0x00007ff930341000 	C:\Program Files\NVIDIA Corporation\CoProcManager\nvd3d9wrapx.dll
0x00007ff9332f0000 - 0x00007ff9334ca000 	C:\Windows\system32\SETUPAPI.dll
0x00007ff933080000 - 0x00007ff9330cf000 	C:\Windows\system32\CFGMGR32.dll
0x00007ff92ff80000 - 0x00007ff92ffa2000 	C:\Program Files\NVIDIA Corporation\CoProcManager\nvdxgiwrapx.dll
0x00007ff9325f0000 - 0x00007ff93286b000 	C:\Windows\WinSxS\amd64_microsoft.windows.common-controls_6595b64144ccf1df_6.0.9600.18006_none_623f33d3ecbe86e8\COMCTL32.dll
0x00000000623b0000 - 0x0000000062482000 	C:\Program Files\Java\jdk1.7.0_79\jre\bin\msvcr100.dll
0x00000000617d0000 - 0x0000000061fa5000 	C:\Program Files\Java\jdk1.7.0_79\jre\bin\server\jvm.dll
0x00007ff930300000 - 0x00007ff930309000 	C:\Windows\SYSTEM32\WSOCK32.dll
0x00007ff92fe40000 - 0x00007ff92fe62000 	C:\Windows\SYSTEM32\WINMM.dll
0x00007ff935670000 - 0x00007ff935677000 	C:\Windows\system32\PSAPI.DLL
0x00007ff933290000 - 0x00007ff9332ea000 	C:\Windows\system32\WS2_32.dll
0x00007ff92fca0000 - 0x00007ff92fcca000 	C:\Windows\SYSTEM32\WINMMBASE.dll
0x00007ff933130000 - 0x00007ff933139000 	C:\Windows\system32\NSI.dll
0x00007ff930f00000 - 0x00007ff930f28000 	C:\Windows\SYSTEM32\DEVOBJ.dll
0x0000000062eb0000 - 0x0000000062ebf000 	C:\Program Files\Java\jdk1.7.0_79\jre\bin\verify.dll
0x0000000062590000 - 0x00000000625b8000 	C:\Program Files\Java\jdk1.7.0_79\jre\bin\java.dll
0x0000000062390000 - 0x00000000623a5000 	C:\Program Files\Java\jdk1.7.0_79\jre\bin\zip.dll
0x0000000062370000 - 0x000000006238a000 	C:\Program Files\Java\jdk1.7.0_79\jre\bin\net.dll
0x00007ff931f60000 - 0x00007ff931fb9000 	C:\Windows\system32\mswsock.dll
0x0000000062350000 - 0x0000000062361000 	C:\Program Files\Java\jdk1.7.0_79\jre\bin\nio.dll

VM Arguments:
jvm_args: -Xmx1024M -Dfile.encoding=x-windows-874 -Duser.country=US -Duser.language=en -Duser.variant 
java_command: com.android.dx.command.Main --dex --output C:\Users\supitsara\AndroidStudioProjects\MaterialNavigationTest\app\build\intermediates\pre-dexed\debug\classes-771ccea7dd4d8b1fdfdef86661176cc231b91564.jar C:\Users\supitsara\AndroidStudioProjects\MaterialNavigationTest\app\build\intermediates\exploded-aar\com.google.android.gms\play-services-maps\8.1.0\jars\classes.jar
Launcher Type: SUN_STANDARD

Environment Variables:
PATH=C:\ProgramData\Oracle\Java\javapath;C:\Windows\system32;C:\Windows;C:\Windows\System32\Wbem;C:\Windows\System32\WindowsPowerShell\v1.0\;C:\Program Files (x86)\Intel\OpenCL SDK\2.0\bin\x86;C:\Program Files (x86)\Intel\OpenCL SDK\2.0\bin\x64;C:\Program Files (x86)\NVIDIA Corporation\PhysX\Common;C:\Program Files (x86)\Windows Kits\8.1\Windows Performance Toolkit\;C:\Program Files\Microsoft SQL Server\110\Tools\Binn\;C:\Program Files\nodejs\;C:\Users\supitsara\AppData\Roaming\npm
USERNAME=supitsara
OS=Windows_NT
PROCESSOR_IDENTIFIER=Intel64 Family 6 Model 42 Stepping 7, GenuineIntel



---------------  S Y S T E M  ---------------

OS: Windows 8.1 , 64 bit Build 9600 

CPU:total 4 (2 cores per cpu, 2 threads per core) family 6 model 42 stepping 7, cmov, cx8, fxsr, mmx, sse, sse2, sse3, ssse3, sse4.1, sse4.2, popcnt, avx, aes, ht, tsc, tscinvbit

Memory: 4k page, physical 4101820k(487420k free), swap 9531268k(5116k free)

vm_info: Java HotSpot(TM) 64-Bit Server VM (24.79-b02) for windows-amd64 JRE (1.7.0_79-b15), built on Apr 10 2015 12:36:16 by "java_re" with unknown MS VC++:1600

time: Sat Nov 07 23:20:41 2015
elapsed time: 4 seconds

